[dotenv] Set [36mMOVELY_DATABASE_USERNAME[0m and [36mMOVELY_DATABASE_PASSWORD[0m
[dotenv] Loaded [33m.env.local[0m
  [1m[35m (101.5ms)[0m  [1m[35mCREATE DATABASE "movely_development" ENCODING = 'unicode' /*application='Movely'*/[0m
[dotenv] Set [36mMOVELY_DATABASE_USERNAME[0m and [36mMOVELY_DATABASE_PASSWORD[0m
[dotenv] Loaded [33m.env.local[0m
  [1m[35m (103.3ms)[0m  [1m[35mCREATE DATABASE "movely_development" ENCODING = 'unicode' /*application='Movely'*/[0m
[dotenv] Set [36mMOVELY_DATABASE_USERNAME[0m and [36mMOVELY_DATABASE_PASSWORD[0m
[dotenv] Loaded [33m.env.local[0m
  [1m[35mSQL (0.2ms)[0m  [1m[35mSET search_path TO public /*application='Movely'*/[0m
  [1m[35m (117.8ms)[0m  [1m[35mCREATE DATABASE "movely_development" ENCODING = 'unicode' /*application='Movely'*/[0m
  [1m[35mSQL (0.1ms)[0m  [1m[35mSET search_path TO public /*application='Movely'*/[0m
  [1m[35m (102.4ms)[0m  [1m[35mCREATE DATABASE "movely_test" ENCODING = 'unicode' /*application='Movely'*/[0m
[dotenv] Set [36mMOVELY_DATABASE_USERNAME[0m and [36mMOVELY_DATABASE_PASSWORD[0m
[dotenv] Loaded [33m.env.local[0m
[dotenv] Set [36mMOVELY_DATABASE_USERNAME[0m and [36mMOVELY_DATABASE_PASSWORD[0m
[dotenv] Loaded [33m.env.local[0m
  [1m[35mSQL (0.2ms)[0m  [1m[35mSET search_path TO public /*application='Movely'*/[0m
  [1m[35m (15.3ms)[0m  [1m[35mCREATE DATABASE "movely_development" ENCODING = 'unicode' /*application='Movely'*/[0m
  [1m[35mSQL (0.0ms)[0m  [1m[35mSET search_path TO public /*application='Movely'*/[0m
  [1m[35m (13.6ms)[0m  [1m[35mCREATE DATABASE "movely_test" ENCODING = 'unicode' /*application='Movely'*/[0m
[dotenv] Set [36mMOVELY_DATABASE_USERNAME[0m and [36mMOVELY_DATABASE_PASSWORD[0m
[dotenv] Loaded [33m.env.local[0m
  [1m[35m (9.1ms)[0m  [1m[35mCREATE TABLE "schema_migrations" ("version" character varying NOT NULL PRIMARY KEY) /*application='Movely'*/[0m
  [1m[35m (8.8ms)[0m  [1m[35mCREATE TABLE "ar_internal_metadata" ("key" character varying NOT NULL PRIMARY KEY, "value" character varying, "created_at" timestamp(6) NOT NULL, "updated_at" timestamp(6) NOT NULL) /*application='Movely'*/[0m
  [1m[35m (0.2ms)[0m  [1m[34mSELECT pg_try_advisory_lock(2399443627008332415) /*application='Movely'*/[0m
  [1m[36mActiveRecord::SchemaMigration Load (0.3ms)[0m  [1m[34mSELECT "schema_migrations"."version" FROM "schema_migrations" ORDER BY "schema_migrations"."version" ASC /*application='Movely'*/[0m
  [1m[36mActiveRecord::InternalMetadata Load (0.3ms)[0m  [1m[34mSELECT * FROM "ar_internal_metadata" WHERE "ar_internal_metadata"."key" = 'environment' ORDER BY "ar_internal_metadata"."key" ASC LIMIT 1 /*application='Movely'*/[0m
  [1m[36mActiveRecord::InternalMetadata Create (2.6ms)[0m  [1m[32mINSERT INTO "ar_internal_metadata" ("key", "value", "created_at", "updated_at") VALUES ('environment', 'development', '2024-12-25 18:24:30.226802', '2024-12-25 18:24:30.226804') RETURNING "key" /*application='Movely'*/[0m
Migrating to CreateUsers (20241225182248)
  [1m[36mTRANSACTION (0.1ms)[0m  [1m[35mBEGIN /*application='Movely'*/[0m
  [1m[35m (5.2ms)[0m  [1m[35mCREATE TABLE "users" ("id" bigserial primary key, "created_at" timestamp(6) NOT NULL, "updated_at" timestamp(6) NOT NULL) /*application='Movely'*/[0m
  [1m[36mActiveRecord::SchemaMigration Create (0.2ms)[0m  [1m[32mINSERT INTO "schema_migrations" ("version") VALUES ('20241225182248') RETURNING "version" /*application='Movely'*/[0m
  [1m[36mTRANSACTION (2.1ms)[0m  [1m[35mCOMMIT /*application='Movely'*/[0m
  [1m[35m (0.1ms)[0m  [1m[34mSELECT pg_advisory_unlock(2399443627008332415) /*application='Movely'*/[0m
  [1m[36mActiveRecord::SchemaMigration Load (0.1ms)[0m  [1m[34mSELECT "schema_migrations"."version" FROM "schema_migrations" ORDER BY "schema_migrations"."version" ASC /*application='Movely'*/[0m
[dotenv] Set [36mMOVELY_DATABASE_USERNAME[0m and [36mMOVELY_DATABASE_PASSWORD[0m
[dotenv] Loaded [33m.env.local[0m
[dotenv] Set [36mMOVELY_DATABASE_USERNAME[0m and [36mMOVELY_DATABASE_PASSWORD[0m
[dotenv] Loaded [33m.env.local[0m
[dotenv] Set [36mMOVELY_DATABASE_USERNAME[0m and [36mMOVELY_DATABASE_PASSWORD[0m
[dotenv] Loaded [33m.env.local[0m
[dotenv] Set [36mMOVELY_DATABASE_USERNAME[0m and [36mMOVELY_DATABASE_PASSWORD[0m
[dotenv] Loaded [33m.env.local[0m
  [1m[35m (0.1ms)[0m  [1m[34mSELECT pg_try_advisory_lock(2399443627008332415) /*application='Movely'*/[0m
  [1m[36mActiveRecord::SchemaMigration Load (0.4ms)[0m  [1m[34mSELECT "schema_migrations"."version" FROM "schema_migrations" ORDER BY "schema_migrations"."version" ASC /*application='Movely'*/[0m
  [1m[36mActiveRecord::InternalMetadata Load (0.3ms)[0m  [1m[34mSELECT * FROM "ar_internal_metadata" WHERE "ar_internal_metadata"."key" = 'environment' ORDER BY "ar_internal_metadata"."key" ASC LIMIT 1 /*application='Movely'*/[0m
Migrating to CreateProperties (20241225182520)
  [1m[36mTRANSACTION (0.1ms)[0m  [1m[35mBEGIN /*application='Movely'*/[0m
  [1m[35m (10.6ms)[0m  [1m[35mCREATE TABLE "properties" ("id" bigserial primary key, "user_id" bigint, "address" text NOT NULL, "price" decimal, "square_footage" integer, "bedrooms" integer, "bathrooms" integer, "hoa_info" jsonb, "overall_rating" integer, "created_at" timestamp(6) NOT NULL, "updated_at" timestamp(6) NOT NULL, CONSTRAINT "fk_rails_e41321a67c"
FOREIGN KEY ("user_id")
  REFERENCES "users" ("id")
) /*application='Movely'*/[0m
  [1m[35m (3.3ms)[0m  [1m[35mCREATE INDEX "index_properties_on_user_id" ON "properties" ("user_id") /*application='Movely'*/[0m
  [1m[36mActiveRecord::SchemaMigration Create (0.1ms)[0m  [1m[32mINSERT INTO "schema_migrations" ("version") VALUES ('20241225182520') RETURNING "version" /*application='Movely'*/[0m
  [1m[36mTRANSACTION (2.6ms)[0m  [1m[35mCOMMIT /*application='Movely'*/[0m
Migrating to CreatePropertyRatings (20241225182529)
  [1m[36mTRANSACTION (0.1ms)[0m  [1m[35mBEGIN /*application='Movely'*/[0m
  [1m[35m (5.3ms)[0m  [1m[35mCREATE TABLE "property_ratings" ("id" bigserial primary key, "created_at" timestamp(6) NOT NULL, "updated_at" timestamp(6) NOT NULL) /*application='Movely'*/[0m
  [1m[36mActiveRecord::SchemaMigration Create (0.1ms)[0m  [1m[32mINSERT INTO "schema_migrations" ("version") VALUES ('20241225182529') RETURNING "version" /*application='Movely'*/[0m
  [1m[36mTRANSACTION (2.1ms)[0m  [1m[35mCOMMIT /*application='Movely'*/[0m
Migrating to CreatePropertyImages (20241225182536)
  [1m[36mTRANSACTION (0.3ms)[0m  [1m[35mBEGIN /*application='Movely'*/[0m
  [1m[35m (4.6ms)[0m  [1m[35mCREATE TABLE "property_images" ("id" bigserial primary key, "created_at" timestamp(6) NOT NULL, "updated_at" timestamp(6) NOT NULL) /*application='Movely'*/[0m
  [1m[36mActiveRecord::SchemaMigration Create (0.2ms)[0m  [1m[32mINSERT INTO "schema_migrations" ("version") VALUES ('20241225182536') RETURNING "version" /*application='Movely'*/[0m
  [1m[36mTRANSACTION (2.1ms)[0m  [1m[35mCOMMIT /*application='Movely'*/[0m
  [1m[35m (1.1ms)[0m  [1m[34mSELECT pg_advisory_unlock(2399443627008332415) /*application='Movely'*/[0m
  [1m[36mActiveRecord::SchemaMigration Load (0.1ms)[0m  [1m[34mSELECT "schema_migrations"."version" FROM "schema_migrations" ORDER BY "schema_migrations"."version" ASC /*application='Movely'*/[0m
[dotenv] Set [36mMOVELY_DATABASE_USERNAME[0m and [36mMOVELY_DATABASE_PASSWORD[0m
[dotenv] Loaded [33m.env.local[0m
  [1m[35m (0.1ms)[0m  [1m[34mSELECT pg_try_advisory_lock(2399443627008332415) /*application='Movely'*/[0m
  [1m[36mActiveRecord::SchemaMigration Load (0.4ms)[0m  [1m[34mSELECT "schema_migrations"."version" FROM "schema_migrations" ORDER BY "schema_migrations"."version" ASC /*application='Movely'*/[0m
  [1m[36mActiveRecord::InternalMetadata Load (0.3ms)[0m  [1m[34mSELECT * FROM "ar_internal_metadata" WHERE "ar_internal_metadata"."key" = 'environment' ORDER BY "ar_internal_metadata"."key" ASC LIMIT 1 /*application='Movely'*/[0m
  [1m[35m (0.1ms)[0m  [1m[34mSELECT pg_advisory_unlock(2399443627008332415) /*application='Movely'*/[0m
  [1m[36mActiveRecord::SchemaMigration Load (0.1ms)[0m  [1m[34mSELECT "schema_migrations"."version" FROM "schema_migrations" ORDER BY "schema_migrations"."version" ASC /*application='Movely'*/[0m
[dotenv] Set [36mMOVELY_DATABASE_USERNAME[0m and [36mMOVELY_DATABASE_PASSWORD[0m
[dotenv] Loaded [33m.env.local[0m
[dotenv] Set [36mMOVELY_DATABASE_USERNAME[0m and [36mMOVELY_DATABASE_PASSWORD[0m
[dotenv] Loaded [33m.env.local[0m
[dotenv] Set [36mMOVELY_DATABASE_USERNAME[0m and [36mMOVELY_DATABASE_PASSWORD[0m
[dotenv] Loaded [33m.env.local[0m
[dotenv] Set [36mMOVELY_DATABASE_USERNAME[0m and [36mMOVELY_DATABASE_PASSWORD[0m
[dotenv] Loaded [33m.env.local[0m
[dotenv] Set [36mMOVELY_DATABASE_USERNAME[0m and [36mMOVELY_DATABASE_PASSWORD[0m
[dotenv] Loaded [33m.env.local[0m
[dotenv] Set [36mMOVELY_DATABASE_USERNAME[0m and [36mMOVELY_DATABASE_PASSWORD[0m
[dotenv] Loaded [33m.env.local[0m
[dotenv] Set [36mMOVELY_DATABASE_USERNAME[0m and [36mMOVELY_DATABASE_PASSWORD[0m
[dotenv] Loaded [33m.env.local[0m
[dotenv] Set [36mMOVELY_DATABASE_USERNAME[0m and [36mMOVELY_DATABASE_PASSWORD[0m
[dotenv] Loaded [33m.env.local[0m
  [1m[35m (0.1ms)[0m  [1m[34mSELECT pg_try_advisory_lock(2399443627008332415) /*application='Movely'*/[0m
  [1m[36mActiveRecord::SchemaMigration Load (0.4ms)[0m  [1m[34mSELECT "schema_migrations"."version" FROM "schema_migrations" ORDER BY "schema_migrations"."version" ASC /*application='Movely'*/[0m
  [1m[36mActiveRecord::InternalMetadata Load (0.3ms)[0m  [1m[34mSELECT * FROM "ar_internal_metadata" WHERE "ar_internal_metadata"."key" = 'environment' ORDER BY "ar_internal_metadata"."key" ASC LIMIT 1 /*application='Movely'*/[0m
Migrating to CreatePropertyImages (20241225182909)
  [1m[36mTRANSACTION (0.1ms)[0m  [1m[35mBEGIN /*application='Movely'*/[0m
  [1m[35m (0.8ms)[0m  [1m[35mCREATE TABLE "property_images" ("id" bigserial primary key, "created_at" timestamp(6) NOT NULL, "updated_at" timestamp(6) NOT NULL) /*application='Movely'*/[0m
  [1m[36mTRANSACTION (0.1ms)[0m  [1m[31mROLLBACK /*application='Movely'*/[0m
  [1m[35m (0.2ms)[0m  [1m[34mSELECT pg_advisory_unlock(2399443627008332415) /*application='Movely'*/[0m
[dotenv] Set [36mMOVELY_DATABASE_USERNAME[0m and [36mMOVELY_DATABASE_PASSWORD[0m
[dotenv] Loaded [33m.env.local[0m
[dotenv] Set [36mMOVELY_DATABASE_USERNAME[0m and [36mMOVELY_DATABASE_PASSWORD[0m
[dotenv] Loaded [33m.env.local[0m
[dotenv] Set [36mMOVELY_DATABASE_USERNAME[0m and [36mMOVELY_DATABASE_PASSWORD[0m
[dotenv] Loaded [33m.env.local[0m
  [1m[35m (0.1ms)[0m  [1m[34mSELECT pg_try_advisory_lock(2399443627008332415) /*application='Movely'*/[0m
  [1m[36mActiveRecord::SchemaMigration Load (0.4ms)[0m  [1m[34mSELECT "schema_migrations"."version" FROM "schema_migrations" ORDER BY "schema_migrations"."version" ASC /*application='Movely'*/[0m
  [1m[36mActiveRecord::InternalMetadata Load (0.3ms)[0m  [1m[34mSELECT * FROM "ar_internal_metadata" WHERE "ar_internal_metadata"."key" = 'environment' ORDER BY "ar_internal_metadata"."key" ASC LIMIT 1 /*application='Movely'*/[0m
Migrating to CreatePropertyImages (20241225182909)
  [1m[36mTRANSACTION (0.1ms)[0m  [1m[35mBEGIN /*application='Movely'*/[0m
  [1m[35m (0.8ms)[0m  [1m[35mCREATE TABLE "property_images" ("id" bigserial primary key, "created_at" timestamp(6) NOT NULL, "updated_at" timestamp(6) NOT NULL) /*application='Movely'*/[0m
  [1m[36mTRANSACTION (0.1ms)[0m  [1m[31mROLLBACK /*application='Movely'*/[0m
  [1m[35m (0.2ms)[0m  [1m[34mSELECT pg_advisory_unlock(2399443627008332415) /*application='Movely'*/[0m
[dotenv] Set [36mMOVELY_DATABASE_USERNAME[0m and [36mMOVELY_DATABASE_PASSWORD[0m
[dotenv] Loaded [33m.env.local[0m
  [1m[36mActiveRecord::SchemaMigration Load (0.3ms)[0m  [1m[34mSELECT "schema_migrations"."version" FROM "schema_migrations" ORDER BY "schema_migrations"."version" ASC /*application='Movely'*/[0m
  [1m[36mActiveRecord::InternalMetadata Load (0.3ms)[0m  [1m[34mSELECT * FROM "ar_internal_metadata" WHERE "ar_internal_metadata"."key" = 'environment' ORDER BY "ar_internal_metadata"."key" ASC LIMIT 1 /*application='Movely'*/[0m
  [1m[36mActiveRecord::SchemaMigration Load (0.2ms)[0m  [1m[34mSELECT "schema_migrations"."version" FROM "schema_migrations" ORDER BY "schema_migrations"."version" ASC /*application='Movely'*/[0m
  [1m[36mActiveRecord::InternalMetadata Load (0.2ms)[0m  [1m[34mSELECT * FROM "ar_internal_metadata" WHERE "ar_internal_metadata"."key" = 'environment' ORDER BY "ar_internal_metadata"."key" ASC LIMIT 1 /*application='Movely'*/[0m
  [1m[36mActiveRecord::SchemaMigration Load (0.1ms)[0m  [1m[34mSELECT "schema_migrations"."version" FROM "schema_migrations" ORDER BY "schema_migrations"."version" ASC /*application='Movely'*/[0m
  [1m[36mActiveRecord::InternalMetadata Load (0.2ms)[0m  [1m[34mSELECT * FROM "ar_internal_metadata" WHERE "ar_internal_metadata"."key" = 'environment' ORDER BY "ar_internal_metadata"."key" ASC LIMIT 1 /*application='Movely'*/[0m
  [1m[35mSQL (0.1ms)[0m  [1m[35mSET search_path TO public /*application='Movely'*/[0m
  [1m[35m (52.2ms)[0m  [1m[35mDROP DATABASE IF EXISTS "movely_development" /*application='Movely'*/[0m
  [1m[35mSQL (0.9ms)[0m  [1m[35mSET search_path TO public /*application='Movely'*/[0m
  [1m[35m (56.2ms)[0m  [1m[35mDROP DATABASE IF EXISTS "movely_test" /*application='Movely'*/[0m
[dotenv] Set [36mMOVELY_DATABASE_USERNAME[0m and [36mMOVELY_DATABASE_PASSWORD[0m
[dotenv] Loaded [33m.env.local[0m
  [1m[35mSQL (0.2ms)[0m  [1m[35mSET search_path TO public /*application='Movely'*/[0m
  [1m[35m (49.1ms)[0m  [1m[35mCREATE DATABASE "movely_development" ENCODING = 'unicode' /*application='Movely'*/[0m
  [1m[35mSQL (0.1ms)[0m  [1m[35mSET search_path TO public /*application='Movely'*/[0m
  [1m[35m (45.6ms)[0m  [1m[35mCREATE DATABASE "movely_test" ENCODING = 'unicode' /*application='Movely'*/[0m
[dotenv] Set [36mMOVELY_DATABASE_USERNAME[0m and [36mMOVELY_DATABASE_PASSWORD[0m
[dotenv] Loaded [33m.env.local[0m
  [1m[35mSQL (0.3ms)[0m  [1m[35mCREATE EXTENSION IF NOT EXISTS "plpgsql" SCHEMA pg_catalog /*application='Movely'*/[0m
  [1m[35m (0.1ms)[0m  [1m[35mDROP TABLE IF EXISTS "properties" CASCADE /*application='Movely'*/[0m
  [1m[35m (9.0ms)[0m  [1m[35mCREATE TABLE "properties" ("id" bigserial primary key, "user_id" bigint, "address" text NOT NULL, "price" decimal, "square_footage" integer, "bedrooms" integer, "bathrooms" integer, "hoa_info" jsonb, "overall_rating" integer, "created_at" timestamp(6) NOT NULL, "updated_at" timestamp(6) NOT NULL) /*application='Movely'*/[0m
  [1m[35m (5.9ms)[0m  [1m[35mCREATE INDEX "index_properties_on_user_id" ON "properties" ("user_id") /*application='Movely'*/[0m
  [1m[35m (0.1ms)[0m  [1m[35mDROP TABLE IF EXISTS "property_images" CASCADE /*application='Movely'*/[0m
  [1m[35m (6.1ms)[0m  [1m[35mCREATE TABLE "property_images" ("id" bigserial primary key, "created_at" timestamp(6) NOT NULL, "updated_at" timestamp(6) NOT NULL) /*application='Movely'*/[0m
  [1m[35m (0.1ms)[0m  [1m[35mDROP TABLE IF EXISTS "property_ratings" CASCADE /*application='Movely'*/[0m
  [1m[35m (5.4ms)[0m  [1m[35mCREATE TABLE "property_ratings" ("id" bigserial primary key, "created_at" timestamp(6) NOT NULL, "updated_at" timestamp(6) NOT NULL) /*application='Movely'*/[0m
  [1m[35m (0.1ms)[0m  [1m[35mDROP TABLE IF EXISTS "users" CASCADE /*application='Movely'*/[0m
  [1m[35m (5.5ms)[0m  [1m[35mCREATE TABLE "users" ("id" bigserial primary key, "created_at" timestamp(6) NOT NULL, "updated_at" timestamp(6) NOT NULL) /*application='Movely'*/[0m
  [1m[35m (2.8ms)[0m  [1m[35mALTER TABLE "properties" ADD CONSTRAINT "fk_rails_e41321a67c"
FOREIGN KEY ("user_id")
  REFERENCES "users" ("id")
 /*application='Movely'*/[0m
  [1m[35m (8.9ms)[0m  [1m[35mCREATE TABLE "schema_migrations" ("version" character varying NOT NULL PRIMARY KEY) /*application='Movely'*/[0m
  [1m[36mActiveRecord::SchemaMigration Load (0.3ms)[0m  [1m[34mSELECT "schema_migrations"."version" FROM "schema_migrations" ORDER BY "schema_migrations"."version" ASC /*application='Movely'*/[0m
  [1m[35m (2.7ms)[0m  [1m[32mINSERT INTO "schema_migrations" (version) VALUES (20241225182536) /*application='Movely'*/[0m
  [1m[35m (2.9ms)[0m  [1m[32mINSERT INTO "schema_migrations" (version) VALUES
(20241225182520),
(20241225182248); /*application='Movely'*/[0m
  [1m[35m (8.4ms)[0m  [1m[35mCREATE TABLE "ar_internal_metadata" ("key" character varying NOT NULL PRIMARY KEY, "value" character varying, "created_at" timestamp(6) NOT NULL, "updated_at" timestamp(6) NOT NULL) /*application='Movely'*/[0m
  [1m[36mActiveRecord::InternalMetadata Load (0.3ms)[0m  [1m[34mSELECT * FROM "ar_internal_metadata" WHERE "ar_internal_metadata"."key" = 'environment' ORDER BY "ar_internal_metadata"."key" ASC LIMIT 1 /*application='Movely'*/[0m
  [1m[36mActiveRecord::InternalMetadata Create (2.2ms)[0m  [1m[32mINSERT INTO "ar_internal_metadata" ("key", "value", "created_at", "updated_at") VALUES ('environment', 'development', '2024-12-25 18:33:29.717579', '2024-12-25 18:33:29.717581') RETURNING "key" /*application='Movely'*/[0m
  [1m[36mActiveRecord::InternalMetadata Load (0.3ms)[0m  [1m[34mSELECT * FROM "ar_internal_metadata" WHERE "ar_internal_metadata"."key" = 'environment' ORDER BY "ar_internal_metadata"."key" ASC LIMIT 1 /*application='Movely'*/[0m
  [1m[36mActiveRecord::InternalMetadata Load (0.1ms)[0m  [1m[34mSELECT * FROM "ar_internal_metadata" WHERE "ar_internal_metadata"."key" = 'schema_sha1' ORDER BY "ar_internal_metadata"."key" ASC LIMIT 1 /*application='Movely'*/[0m
  [1m[36mActiveRecord::InternalMetadata Create (2.1ms)[0m  [1m[32mINSERT INTO "ar_internal_metadata" ("key", "value", "created_at", "updated_at") VALUES ('schema_sha1', 'e38bff873fdecdce678d5cfafcf0b397e6314a7d', '2024-12-25 18:33:29.724432', '2024-12-25 18:33:29.724462') RETURNING "key" /*application='Movely'*/[0m
  [1m[35m (0.1ms)[0m  [1m[34mSELECT pg_try_advisory_lock(2399443627008332415) /*application='Movely'*/[0m
  [1m[36mActiveRecord::SchemaMigration Load (0.1ms)[0m  [1m[34mSELECT "schema_migrations"."version" FROM "schema_migrations" ORDER BY "schema_migrations"."version" ASC /*application='Movely'*/[0m
  [1m[36mActiveRecord::InternalMetadata Load (0.1ms)[0m  [1m[34mSELECT * FROM "ar_internal_metadata" WHERE "ar_internal_metadata"."key" = 'environment' ORDER BY "ar_internal_metadata"."key" ASC LIMIT 1 /*application='Movely'*/[0m
Migrating to CreatePropertyImages (20241225182909)
  [1m[36mTRANSACTION (0.1ms)[0m  [1m[35mBEGIN /*application='Movely'*/[0m
  [1m[35m (3.3ms)[0m  [1m[35mCREATE TABLE "property_images" ("id" bigserial primary key, "created_at" timestamp(6) NOT NULL, "updated_at" timestamp(6) NOT NULL) /*application='Movely'*/[0m
  [1m[36mTRANSACTION (0.1ms)[0m  [1m[31mROLLBACK /*application='Movely'*/[0m
  [1m[35m (0.1ms)[0m  [1m[34mSELECT pg_advisory_unlock(2399443627008332415) /*application='Movely'*/[0m
[dotenv] Set [36mMOVELY_DATABASE_USERNAME[0m and [36mMOVELY_DATABASE_PASSWORD[0m
[dotenv] Loaded [33m.env.local[0m
[dotenv] Set [36mMOVELY_DATABASE_USERNAME[0m and [36mMOVELY_DATABASE_PASSWORD[0m
[dotenv] Loaded [33m.env.local[0m
  [1m[35mSQL (0.2ms)[0m  [1m[35mSET search_path TO public /*application='Movely'*/[0m
  [1m[35m (15.3ms)[0m  [1m[35mCREATE DATABASE "movely_development" ENCODING = 'unicode' /*application='Movely'*/[0m
  [1m[35mSQL (0.1ms)[0m  [1m[35mSET search_path TO public /*application='Movely'*/[0m
  [1m[35m (13.4ms)[0m  [1m[35mCREATE DATABASE "movely_test" ENCODING = 'unicode' /*application='Movely'*/[0m
[dotenv] Set [36mMOVELY_DATABASE_USERNAME[0m and [36mMOVELY_DATABASE_PASSWORD[0m
[dotenv] Loaded [33m.env.local[0m
  [1m[35m (0.1ms)[0m  [1m[34mSELECT pg_try_advisory_lock(2399443627008332415) /*application='Movely'*/[0m
  [1m[36mActiveRecord::SchemaMigration Load (0.4ms)[0m  [1m[34mSELECT "schema_migrations"."version" FROM "schema_migrations" ORDER BY "schema_migrations"."version" ASC /*application='Movely'*/[0m
  [1m[36mActiveRecord::InternalMetadata Load (0.3ms)[0m  [1m[34mSELECT * FROM "ar_internal_metadata" WHERE "ar_internal_metadata"."key" = 'environment' ORDER BY "ar_internal_metadata"."key" ASC LIMIT 1 /*application='Movely'*/[0m
Migrating to CreatePropertyRatings (20241225183446)
  [1m[36mTRANSACTION (0.1ms)[0m  [1m[35mBEGIN /*application='Movely'*/[0m
  [1m[35m (1.0ms)[0m  [1m[35mCREATE TABLE "property_ratings" ("id" bigserial primary key, "property_id" bigint, "category" character varying, "score" integer, "notes" text, "created_at" timestamp(6) NOT NULL, "updated_at" timestamp(6) NOT NULL, CONSTRAINT "fk_rails_ed2893c204"
FOREIGN KEY ("property_id")
  REFERENCES "properties" ("id")
) /*application='Movely'*/[0m
  [1m[36mTRANSACTION (0.1ms)[0m  [1m[31mROLLBACK /*application='Movely'*/[0m
  [1m[35m (0.3ms)[0m  [1m[34mSELECT pg_advisory_unlock(2399443627008332415) /*application='Movely'*/[0m
[dotenv] Set [36mMOVELY_DATABASE_USERNAME[0m and [36mMOVELY_DATABASE_PASSWORD[0m
[dotenv] Loaded [33m.env.local[0m
[dotenv] Set [36mMOVELY_DATABASE_USERNAME[0m and [36mMOVELY_DATABASE_PASSWORD[0m
[dotenv] Loaded [33m.env.local[0m
  [1m[35m (0.1ms)[0m  [1m[34mSELECT pg_try_advisory_lock(2399443627008332415) /*application='Movely'*/[0m
  [1m[36mActiveRecord::SchemaMigration Load (0.4ms)[0m  [1m[34mSELECT "schema_migrations"."version" FROM "schema_migrations" ORDER BY "schema_migrations"."version" ASC /*application='Movely'*/[0m
  [1m[36mActiveRecord::InternalMetadata Load (0.3ms)[0m  [1m[34mSELECT * FROM "ar_internal_metadata" WHERE "ar_internal_metadata"."key" = 'environment' ORDER BY "ar_internal_metadata"."key" ASC LIMIT 1 /*application='Movely'*/[0m
Migrating to CreatePropertyRatings (20241225183446)
  [1m[36mTRANSACTION (0.1ms)[0m  [1m[35mBEGIN /*application='Movely'*/[0m
  [1m[35m (0.7ms)[0m  [1m[35mCREATE TABLE "property_ratings" ("id" bigserial primary key, "property_id" bigint, "category" character varying, "score" integer, "notes" text, "created_at" timestamp(6) NOT NULL, "updated_at" timestamp(6) NOT NULL, CONSTRAINT "fk_rails_ed2893c204"
FOREIGN KEY ("property_id")
  REFERENCES "properties" ("id")
) /*application='Movely'*/[0m
  [1m[36mTRANSACTION (0.1ms)[0m  [1m[31mROLLBACK /*application='Movely'*/[0m
  [1m[35m (0.2ms)[0m  [1m[34mSELECT pg_advisory_unlock(2399443627008332415) /*application='Movely'*/[0m
[dotenv] Set [36mMOVELY_DATABASE_USERNAME[0m and [36mMOVELY_DATABASE_PASSWORD[0m
[dotenv] Loaded [33m.env.local[0m
  [1m[36mActiveRecord::SchemaMigration Load (0.3ms)[0m  [1m[34mSELECT "schema_migrations"."version" FROM "schema_migrations" ORDER BY "schema_migrations"."version" ASC /*application='Movely'*/[0m
  [1m[36mActiveRecord::InternalMetadata Load (0.3ms)[0m  [1m[34mSELECT * FROM "ar_internal_metadata" WHERE "ar_internal_metadata"."key" = 'environment' ORDER BY "ar_internal_metadata"."key" ASC LIMIT 1 /*application='Movely'*/[0m
  [1m[36mActiveRecord::SchemaMigration Load (0.2ms)[0m  [1m[34mSELECT "schema_migrations"."version" FROM "schema_migrations" ORDER BY "schema_migrations"."version" ASC /*application='Movely'*/[0m
  [1m[36mActiveRecord::InternalMetadata Load (0.2ms)[0m  [1m[34mSELECT * FROM "ar_internal_metadata" WHERE "ar_internal_metadata"."key" = 'environment' ORDER BY "ar_internal_metadata"."key" ASC LIMIT 1 /*application='Movely'*/[0m
  [1m[36mActiveRecord::SchemaMigration Load (0.1ms)[0m  [1m[34mSELECT "schema_migrations"."version" FROM "schema_migrations" ORDER BY "schema_migrations"."version" ASC /*application='Movely'*/[0m
  [1m[36mActiveRecord::InternalMetadata Load (0.2ms)[0m  [1m[34mSELECT * FROM "ar_internal_metadata" WHERE "ar_internal_metadata"."key" = 'environment' ORDER BY "ar_internal_metadata"."key" ASC LIMIT 1 /*application='Movely'*/[0m
  [1m[35mSQL (0.1ms)[0m  [1m[35mSET search_path TO public /*application='Movely'*/[0m
  [1m[35m (635.1ms)[0m  [1m[35mDROP DATABASE IF EXISTS "movely_development" /*application='Movely'*/[0m
  [1m[35mSQL (1.0ms)[0m  [1m[35mSET search_path TO public /*application='Movely'*/[0m
  [1m[35m (56.4ms)[0m  [1m[35mDROP DATABASE IF EXISTS "movely_test" /*application='Movely'*/[0m
  [1m[35mSQL (0.1ms)[0m  [1m[35mSET search_path TO public /*application='Movely'*/[0m
  [1m[35m (32.9ms)[0m  [1m[35mCREATE DATABASE "movely_development" ENCODING = 'unicode' /*application='Movely'*/[0m
  [1m[35mSQL (0.1ms)[0m  [1m[35mSET search_path TO public /*application='Movely'*/[0m
  [1m[35m (33.4ms)[0m  [1m[35mCREATE DATABASE "movely_test" ENCODING = 'unicode' /*application='Movely'*/[0m
  [1m[35mSQL (13.0ms)[0m  [1m[35mCREATE EXTENSION IF NOT EXISTS "plpgsql" SCHEMA pg_catalog /*application='Movely'*/[0m
  [1m[35m (0.1ms)[0m  [1m[35mDROP TABLE IF EXISTS "properties" CASCADE /*application='Movely'*/[0m
  [1m[35m (9.5ms)[0m  [1m[35mCREATE TABLE "properties" ("id" bigserial primary key, "user_id" bigint, "address" text NOT NULL, "price" decimal, "square_footage" integer, "bedrooms" integer, "bathrooms" integer, "hoa_info" jsonb, "overall_rating" integer, "created_at" timestamp(6) NOT NULL, "updated_at" timestamp(6) NOT NULL) /*application='Movely'*/[0m
  [1m[35m (5.7ms)[0m  [1m[35mCREATE INDEX "index_properties_on_user_id" ON "properties" ("user_id") /*application='Movely'*/[0m
  [1m[35m (0.1ms)[0m  [1m[35mDROP TABLE IF EXISTS "property_images" CASCADE /*application='Movely'*/[0m
  [1m[35m (5.4ms)[0m  [1m[35mCREATE TABLE "property_images" ("id" bigserial primary key, "created_at" timestamp(6) NOT NULL, "updated_at" timestamp(6) NOT NULL) /*application='Movely'*/[0m
  [1m[35m (0.1ms)[0m  [1m[35mDROP TABLE IF EXISTS "property_ratings" CASCADE /*application='Movely'*/[0m
  [1m[35m (5.4ms)[0m  [1m[35mCREATE TABLE "property_ratings" ("id" bigserial primary key, "created_at" timestamp(6) NOT NULL, "updated_at" timestamp(6) NOT NULL) /*application='Movely'*/[0m
  [1m[35m (0.1ms)[0m  [1m[35mDROP TABLE IF EXISTS "users" CASCADE /*application='Movely'*/[0m
  [1m[35m (5.4ms)[0m  [1m[35mCREATE TABLE "users" ("id" bigserial primary key, "created_at" timestamp(6) NOT NULL, "updated_at" timestamp(6) NOT NULL) /*application='Movely'*/[0m
  [1m[35m (2.7ms)[0m  [1m[35mALTER TABLE "properties" ADD CONSTRAINT "fk_rails_e41321a67c"
FOREIGN KEY ("user_id")
  REFERENCES "users" ("id")
 /*application='Movely'*/[0m
  [1m[35m (8.9ms)[0m  [1m[35mCREATE TABLE "schema_migrations" ("version" character varying NOT NULL PRIMARY KEY) /*application='Movely'*/[0m
  [1m[36mActiveRecord::SchemaMigration Load (0.2ms)[0m  [1m[34mSELECT "schema_migrations"."version" FROM "schema_migrations" ORDER BY "schema_migrations"."version" ASC /*application='Movely'*/[0m
  [1m[35m (2.6ms)[0m  [1m[32mINSERT INTO "schema_migrations" (version) VALUES (20241225182536) /*application='Movely'*/[0m
  [1m[35m (2.1ms)[0m  [1m[32mINSERT INTO "schema_migrations" (version) VALUES
(20241225182520),
(20241225182248); /*application='Movely'*/[0m
  [1m[35m (8.4ms)[0m  [1m[35mCREATE TABLE "ar_internal_metadata" ("key" character varying NOT NULL PRIMARY KEY, "value" character varying, "created_at" timestamp(6) NOT NULL, "updated_at" timestamp(6) NOT NULL) /*application='Movely'*/[0m
  [1m[36mActiveRecord::InternalMetadata Load (0.3ms)[0m  [1m[34mSELECT * FROM "ar_internal_metadata" WHERE "ar_internal_metadata"."key" = 'environment' ORDER BY "ar_internal_metadata"."key" ASC LIMIT 1 /*application='Movely'*/[0m
  [1m[36mActiveRecord::InternalMetadata Create (2.2ms)[0m  [1m[32mINSERT INTO "ar_internal_metadata" ("key", "value", "created_at", "updated_at") VALUES ('environment', 'development', '2024-12-25 18:37:55.361193', '2024-12-25 18:37:55.361195') RETURNING "key" /*application='Movely'*/[0m
  [1m[36mActiveRecord::InternalMetadata Load (0.1ms)[0m  [1m[34mSELECT * FROM "ar_internal_metadata" WHERE "ar_internal_metadata"."key" = 'environment' ORDER BY "ar_internal_metadata"."key" ASC LIMIT 1 /*application='Movely'*/[0m
  [1m[36mActiveRecord::InternalMetadata Load (0.1ms)[0m  [1m[34mSELECT * FROM "ar_internal_metadata" WHERE "ar_internal_metadata"."key" = 'schema_sha1' ORDER BY "ar_internal_metadata"."key" ASC LIMIT 1 /*application='Movely'*/[0m
  [1m[36mActiveRecord::InternalMetadata Create (2.1ms)[0m  [1m[32mINSERT INTO "ar_internal_metadata" ("key", "value", "created_at", "updated_at") VALUES ('schema_sha1', 'e38bff873fdecdce678d5cfafcf0b397e6314a7d', '2024-12-25 18:37:55.367581', '2024-12-25 18:37:55.367583') RETURNING "key" /*application='Movely'*/[0m
  [1m[35mSQL (5.5ms)[0m  [1m[35mCREATE EXTENSION IF NOT EXISTS "plpgsql" SCHEMA pg_catalog /*application='Movely'*/[0m
  [1m[35m (0.1ms)[0m  [1m[35mDROP TABLE IF EXISTS "properties" CASCADE /*application='Movely'*/[0m
  [1m[35m (9.9ms)[0m  [1m[35mCREATE TABLE "properties" ("id" bigserial primary key, "user_id" bigint, "address" text NOT NULL, "price" decimal, "square_footage" integer, "bedrooms" integer, "bathrooms" integer, "hoa_info" jsonb, "overall_rating" integer, "created_at" timestamp(6) NOT NULL, "updated_at" timestamp(6) NOT NULL) /*application='Movely'*/[0m
  [1m[35m (5.7ms)[0m  [1m[35mCREATE INDEX "index_properties_on_user_id" ON "properties" ("user_id") /*application='Movely'*/[0m
  [1m[35m (0.1ms)[0m  [1m[35mDROP TABLE IF EXISTS "property_images" CASCADE /*application='Movely'*/[0m
  [1m[35m (5.5ms)[0m  [1m[35mCREATE TABLE "property_images" ("id" bigserial primary key, "created_at" timestamp(6) NOT NULL, "updated_at" timestamp(6) NOT NULL) /*application='Movely'*/[0m
  [1m[35m (0.1ms)[0m  [1m[35mDROP TABLE IF EXISTS "property_ratings" CASCADE /*application='Movely'*/[0m
  [1m[35m (5.4ms)[0m  [1m[35mCREATE TABLE "property_ratings" ("id" bigserial primary key, "created_at" timestamp(6) NOT NULL, "updated_at" timestamp(6) NOT NULL) /*application='Movely'*/[0m
  [1m[35m (0.1ms)[0m  [1m[35mDROP TABLE IF EXISTS "users" CASCADE /*application='Movely'*/[0m
  [1m[35m (5.3ms)[0m  [1m[35mCREATE TABLE "users" ("id" bigserial primary key, "created_at" timestamp(6) NOT NULL, "updated_at" timestamp(6) NOT NULL) /*application='Movely'*/[0m
  [1m[35m (2.7ms)[0m  [1m[35mALTER TABLE "properties" ADD CONSTRAINT "fk_rails_e41321a67c"
FOREIGN KEY ("user_id")
  REFERENCES "users" ("id")
 /*application='Movely'*/[0m
  [1m[35m (9.2ms)[0m  [1m[35mCREATE TABLE "schema_migrations" ("version" character varying NOT NULL PRIMARY KEY) /*application='Movely'*/[0m
  [1m[36mActiveRecord::SchemaMigration Load (0.2ms)[0m  [1m[34mSELECT "schema_migrations"."version" FROM "schema_migrations" ORDER BY "schema_migrations"."version" ASC /*application='Movely'*/[0m
  [1m[35m (2.2ms)[0m  [1m[32mINSERT INTO "schema_migrations" (version) VALUES (20241225182536) /*application='Movely'*/[0m
  [1m[35m (2.1ms)[0m  [1m[32mINSERT INTO "schema_migrations" (version) VALUES
(20241225182520),
(20241225182248); /*application='Movely'*/[0m
  [1m[35m (8.4ms)[0m  [1m[35mCREATE TABLE "ar_internal_metadata" ("key" character varying NOT NULL PRIMARY KEY, "value" character varying, "created_at" timestamp(6) NOT NULL, "updated_at" timestamp(6) NOT NULL) /*application='Movely'*/[0m
  [1m[36mActiveRecord::InternalMetadata Load (0.3ms)[0m  [1m[34mSELECT * FROM "ar_internal_metadata" WHERE "ar_internal_metadata"."key" = 'environment' ORDER BY "ar_internal_metadata"."key" ASC LIMIT 1 /*application='Movely'*/[0m
  [1m[36mActiveRecord::InternalMetadata Create (2.2ms)[0m  [1m[32mINSERT INTO "ar_internal_metadata" ("key", "value", "created_at", "updated_at") VALUES ('environment', 'development', '2024-12-25 18:37:55.456450', '2024-12-25 18:37:55.456452') RETURNING "key" /*application='Movely'*/[0m
  [1m[36mActiveRecord::InternalMetadata Load (0.1ms)[0m  [1m[34mSELECT * FROM "ar_internal_metadata" WHERE "ar_internal_metadata"."key" = 'environment' ORDER BY "ar_internal_metadata"."key" ASC LIMIT 1 /*application='Movely'*/[0m
  [1m[36mActiveRecord::InternalMetadata Update (2.1ms)[0m  [1m[33mUPDATE "ar_internal_metadata" SET "value" = 'test', "updated_at" = '2024-12-25 18:37:55.459905' WHERE "ar_internal_metadata"."key" = 'environment' /*application='Movely'*/[0m
  [1m[36mActiveRecord::InternalMetadata Load (0.1ms)[0m  [1m[34mSELECT * FROM "ar_internal_metadata" WHERE "ar_internal_metadata"."key" = 'schema_sha1' ORDER BY "ar_internal_metadata"."key" ASC LIMIT 1 /*application='Movely'*/[0m
  [1m[36mActiveRecord::InternalMetadata Create (2.1ms)[0m  [1m[32mINSERT INTO "ar_internal_metadata" ("key", "value", "created_at", "updated_at") VALUES ('schema_sha1', 'e38bff873fdecdce678d5cfafcf0b397e6314a7d', '2024-12-25 18:37:55.463109', '2024-12-25 18:37:55.463110') RETURNING "key" /*application='Movely'*/[0m
  [1m[36mActiveRecord::SchemaMigration Load (0.3ms)[0m  [1m[34mSELECT "schema_migrations"."version" FROM "schema_migrations" ORDER BY "schema_migrations"."version" ASC /*application='Movely'*/[0m
[dotenv] Set [36mMOVELY_DATABASE_USERNAME[0m and [36mMOVELY_DATABASE_PASSWORD[0m
[dotenv] Loaded [33m.env.local[0m
  [1m[35m (0.1ms)[0m  [1m[34mSELECT pg_try_advisory_lock(2399443627008332415) /*application='Movely'*/[0m
  [1m[36mActiveRecord::SchemaMigration Load (0.4ms)[0m  [1m[34mSELECT "schema_migrations"."version" FROM "schema_migrations" ORDER BY "schema_migrations"."version" ASC /*application='Movely'*/[0m
  [1m[36mActiveRecord::InternalMetadata Load (0.3ms)[0m  [1m[34mSELECT * FROM "ar_internal_metadata" WHERE "ar_internal_metadata"."key" = 'environment' ORDER BY "ar_internal_metadata"."key" ASC LIMIT 1 /*application='Movely'*/[0m
Migrating to CreatePropertyRatings (20241225183446)
  [1m[36mTRANSACTION (0.1ms)[0m  [1m[35mBEGIN /*application='Movely'*/[0m
  [1m[35m (0.8ms)[0m  [1m[35mCREATE TABLE "property_ratings" ("id" bigserial primary key, "property_id" bigint, "category" character varying, "score" integer, "notes" text, "created_at" timestamp(6) NOT NULL, "updated_at" timestamp(6) NOT NULL, CONSTRAINT "fk_rails_ed2893c204"
FOREIGN KEY ("property_id")
  REFERENCES "properties" ("id")
) /*application='Movely'*/[0m
  [1m[36mTRANSACTION (0.1ms)[0m  [1m[31mROLLBACK /*application='Movely'*/[0m
  [1m[35m (0.2ms)[0m  [1m[34mSELECT pg_advisory_unlock(2399443627008332415) /*application='Movely'*/[0m
[dotenv] Set [36mMOVELY_DATABASE_USERNAME[0m and [36mMOVELY_DATABASE_PASSWORD[0m
[dotenv] Loaded [33m.env.local[0m
  [1m[36mActiveRecord::SchemaMigration Load (0.5ms)[0m  [1m[34mSELECT "schema_migrations"."version" FROM "schema_migrations" ORDER BY "schema_migrations"."version" ASC /*application='Movely'*/[0m
  [1m[36mActiveRecord::InternalMetadata Load (0.3ms)[0m  [1m[34mSELECT * FROM "ar_internal_metadata" WHERE "ar_internal_metadata"."key" = 'environment' ORDER BY "ar_internal_metadata"."key" ASC LIMIT 1 /*application='Movely'*/[0m
  [1m[36mActiveRecord::SchemaMigration Load (0.2ms)[0m  [1m[34mSELECT "schema_migrations"."version" FROM "schema_migrations" ORDER BY "schema_migrations"."version" ASC /*application='Movely'*/[0m
  [1m[36mActiveRecord::InternalMetadata Load (0.2ms)[0m  [1m[34mSELECT * FROM "ar_internal_metadata" WHERE "ar_internal_metadata"."key" = 'environment' ORDER BY "ar_internal_metadata"."key" ASC LIMIT 1 /*application='Movely'*/[0m
  [1m[36mActiveRecord::SchemaMigration Load (0.1ms)[0m  [1m[34mSELECT "schema_migrations"."version" FROM "schema_migrations" ORDER BY "schema_migrations"."version" ASC /*application='Movely'*/[0m
  [1m[36mActiveRecord::InternalMetadata Load (0.2ms)[0m  [1m[34mSELECT * FROM "ar_internal_metadata" WHERE "ar_internal_metadata"."key" = 'environment' ORDER BY "ar_internal_metadata"."key" ASC LIMIT 1 /*application='Movely'*/[0m
  [1m[35mSQL (0.1ms)[0m  [1m[35mSET search_path TO public /*application='Movely'*/[0m
  [1m[35m (675.1ms)[0m  [1m[35mDROP DATABASE IF EXISTS "movely_development" /*application='Movely'*/[0m
  [1m[35mSQL (0.9ms)[0m  [1m[35mSET search_path TO public /*application='Movely'*/[0m
  [1m[35m (57.0ms)[0m  [1m[35mDROP DATABASE IF EXISTS "movely_test" /*application='Movely'*/[0m
  [1m[35mSQL (0.1ms)[0m  [1m[35mSET search_path TO public /*application='Movely'*/[0m
  [1m[35m (35.3ms)[0m  [1m[35mCREATE DATABASE "movely_development" ENCODING = 'unicode' /*application='Movely'*/[0m
  [1m[35mSQL (0.0ms)[0m  [1m[35mSET search_path TO public /*application='Movely'*/[0m
  [1m[35m (30.4ms)[0m  [1m[35mCREATE DATABASE "movely_test" ENCODING = 'unicode' /*application='Movely'*/[0m
  [1m[35mSQL (12.5ms)[0m  [1m[35mCREATE EXTENSION IF NOT EXISTS "plpgsql" SCHEMA pg_catalog /*application='Movely'*/[0m
  [1m[35m (0.1ms)[0m  [1m[35mDROP TABLE IF EXISTS "properties" CASCADE /*application='Movely'*/[0m
  [1m[35m (10.0ms)[0m  [1m[35mCREATE TABLE "properties" ("id" bigserial primary key, "user_id" bigint, "address" text NOT NULL, "price" decimal, "square_footage" integer, "bedrooms" integer, "bathrooms" integer, "hoa_info" jsonb, "overall_rating" integer, "created_at" timestamp(6) NOT NULL, "updated_at" timestamp(6) NOT NULL) /*application='Movely'*/[0m
  [1m[35m (5.8ms)[0m  [1m[35mCREATE INDEX "index_properties_on_user_id" ON "properties" ("user_id") /*application='Movely'*/[0m
  [1m[35m (0.1ms)[0m  [1m[35mDROP TABLE IF EXISTS "property_images" CASCADE /*application='Movely'*/[0m
  [1m[35m (5.5ms)[0m  [1m[35mCREATE TABLE "property_images" ("id" bigserial primary key, "created_at" timestamp(6) NOT NULL, "updated_at" timestamp(6) NOT NULL) /*application='Movely'*/[0m
  [1m[35m (0.1ms)[0m  [1m[35mDROP TABLE IF EXISTS "property_ratings" CASCADE /*application='Movely'*/[0m
  [1m[35m (5.4ms)[0m  [1m[35mCREATE TABLE "property_ratings" ("id" bigserial primary key, "created_at" timestamp(6) NOT NULL, "updated_at" timestamp(6) NOT NULL) /*application='Movely'*/[0m
  [1m[35m (0.1ms)[0m  [1m[35mDROP TABLE IF EXISTS "users" CASCADE /*application='Movely'*/[0m
  [1m[35m (5.4ms)[0m  [1m[35mCREATE TABLE "users" ("id" bigserial primary key, "created_at" timestamp(6) NOT NULL, "updated_at" timestamp(6) NOT NULL) /*application='Movely'*/[0m
  [1m[35m (2.7ms)[0m  [1m[35mALTER TABLE "properties" ADD CONSTRAINT "fk_rails_e41321a67c"
FOREIGN KEY ("user_id")
  REFERENCES "users" ("id")
 /*application='Movely'*/[0m
  [1m[35m (9.5ms)[0m  [1m[35mCREATE TABLE "schema_migrations" ("version" character varying NOT NULL PRIMARY KEY) /*application='Movely'*/[0m
  [1m[36mActiveRecord::SchemaMigration Load (0.2ms)[0m  [1m[34mSELECT "schema_migrations"."version" FROM "schema_migrations" ORDER BY "schema_migrations"."version" ASC /*application='Movely'*/[0m
  [1m[35m (2.1ms)[0m  [1m[32mINSERT INTO "schema_migrations" (version) VALUES (20241225182536) /*application='Movely'*/[0m
  [1m[35m (2.2ms)[0m  [1m[32mINSERT INTO "schema_migrations" (version) VALUES
(20241225182520),
(20241225182248); /*application='Movely'*/[0m
  [1m[35m (8.5ms)[0m  [1m[35mCREATE TABLE "ar_internal_metadata" ("key" character varying NOT NULL PRIMARY KEY, "value" character varying, "created_at" timestamp(6) NOT NULL, "updated_at" timestamp(6) NOT NULL) /*application='Movely'*/[0m
  [1m[36mActiveRecord::InternalMetadata Load (0.3ms)[0m  [1m[34mSELECT * FROM "ar_internal_metadata" WHERE "ar_internal_metadata"."key" = 'environment' ORDER BY "ar_internal_metadata"."key" ASC LIMIT 1 /*application='Movely'*/[0m
  [1m[36mActiveRecord::InternalMetadata Create (2.2ms)[0m  [1m[32mINSERT INTO "ar_internal_metadata" ("key", "value", "created_at", "updated_at") VALUES ('environment', 'development', '2024-12-25 18:38:39.441720', '2024-12-25 18:38:39.441722') RETURNING "key" /*application='Movely'*/[0m
  [1m[36mActiveRecord::InternalMetadata Load (0.1ms)[0m  [1m[34mSELECT * FROM "ar_internal_metadata" WHERE "ar_internal_metadata"."key" = 'environment' ORDER BY "ar_internal_metadata"."key" ASC LIMIT 1 /*application='Movely'*/[0m
  [1m[36mActiveRecord::InternalMetadata Load (0.4ms)[0m  [1m[34mSELECT * FROM "ar_internal_metadata" WHERE "ar_internal_metadata"."key" = 'schema_sha1' ORDER BY "ar_internal_metadata"."key" ASC LIMIT 1 /*application='Movely'*/[0m
  [1m[36mActiveRecord::InternalMetadata Create (2.1ms)[0m  [1m[32mINSERT INTO "ar_internal_metadata" ("key", "value", "created_at", "updated_at") VALUES ('schema_sha1', 'e38bff873fdecdce678d5cfafcf0b397e6314a7d', '2024-12-25 18:38:39.448194', '2024-12-25 18:38:39.448195') RETURNING "key" /*application='Movely'*/[0m
  [1m[35mSQL (5.6ms)[0m  [1m[35mCREATE EXTENSION IF NOT EXISTS "plpgsql" SCHEMA pg_catalog /*application='Movely'*/[0m
  [1m[35m (0.1ms)[0m  [1m[35mDROP TABLE IF EXISTS "properties" CASCADE /*application='Movely'*/[0m
  [1m[35m (9.9ms)[0m  [1m[35mCREATE TABLE "properties" ("id" bigserial primary key, "user_id" bigint, "address" text NOT NULL, "price" decimal, "square_footage" integer, "bedrooms" integer, "bathrooms" integer, "hoa_info" jsonb, "overall_rating" integer, "created_at" timestamp(6) NOT NULL, "updated_at" timestamp(6) NOT NULL) /*application='Movely'*/[0m
  [1m[35m (5.1ms)[0m  [1m[35mCREATE INDEX "index_properties_on_user_id" ON "properties" ("user_id") /*application='Movely'*/[0m
  [1m[35m (0.1ms)[0m  [1m[35mDROP TABLE IF EXISTS "property_images" CASCADE /*application='Movely'*/[0m
  [1m[35m (5.5ms)[0m  [1m[35mCREATE TABLE "property_images" ("id" bigserial primary key, "created_at" timestamp(6) NOT NULL, "updated_at" timestamp(6) NOT NULL) /*application='Movely'*/[0m
  [1m[35m (0.1ms)[0m  [1m[35mDROP TABLE IF EXISTS "property_ratings" CASCADE /*application='Movely'*/[0m
  [1m[35m (5.3ms)[0m  [1m[35mCREATE TABLE "property_ratings" ("id" bigserial primary key, "created_at" timestamp(6) NOT NULL, "updated_at" timestamp(6) NOT NULL) /*application='Movely'*/[0m
  [1m[35m (0.1ms)[0m  [1m[35mDROP TABLE IF EXISTS "users" CASCADE /*application='Movely'*/[0m
  [1m[35m (6.0ms)[0m  [1m[35mCREATE TABLE "users" ("id" bigserial primary key, "created_at" timestamp(6) NOT NULL, "updated_at" timestamp(6) NOT NULL) /*application='Movely'*/[0m
  [1m[35m (2.7ms)[0m  [1m[35mALTER TABLE "properties" ADD CONSTRAINT "fk_rails_e41321a67c"
FOREIGN KEY ("user_id")
  REFERENCES "users" ("id")
 /*application='Movely'*/[0m
  [1m[35m (8.7ms)[0m  [1m[35mCREATE TABLE "schema_migrations" ("version" character varying NOT NULL PRIMARY KEY) /*application='Movely'*/[0m
  [1m[36mActiveRecord::SchemaMigration Load (0.2ms)[0m  [1m[34mSELECT "schema_migrations"."version" FROM "schema_migrations" ORDER BY "schema_migrations"."version" ASC /*application='Movely'*/[0m
  [1m[35m (2.2ms)[0m  [1m[32mINSERT INTO "schema_migrations" (version) VALUES (20241225182536) /*application='Movely'*/[0m
  [1m[35m (2.1ms)[0m  [1m[32mINSERT INTO "schema_migrations" (version) VALUES
(20241225182520),
(20241225182248); /*application='Movely'*/[0m
  [1m[35m (8.8ms)[0m  [1m[35mCREATE TABLE "ar_internal_metadata" ("key" character varying NOT NULL PRIMARY KEY, "value" character varying, "created_at" timestamp(6) NOT NULL, "updated_at" timestamp(6) NOT NULL) /*application='Movely'*/[0m
  [1m[36mActiveRecord::InternalMetadata Load (0.3ms)[0m  [1m[34mSELECT * FROM "ar_internal_metadata" WHERE "ar_internal_metadata"."key" = 'environment' ORDER BY "ar_internal_metadata"."key" ASC LIMIT 1 /*application='Movely'*/[0m
  [1m[36mActiveRecord::InternalMetadata Create (2.6ms)[0m  [1m[32mINSERT INTO "ar_internal_metadata" ("key", "value", "created_at", "updated_at") VALUES ('environment', 'development', '2024-12-25 18:38:39.535527', '2024-12-25 18:38:39.535529') RETURNING "key" /*application='Movely'*/[0m
  [1m[36mActiveRecord::InternalMetadata Load (0.1ms)[0m  [1m[34mSELECT * FROM "ar_internal_metadata" WHERE "ar_internal_metadata"."key" = 'environment' ORDER BY "ar_internal_metadata"."key" ASC LIMIT 1 /*application='Movely'*/[0m
  [1m[36mActiveRecord::InternalMetadata Update (2.5ms)[0m  [1m[33mUPDATE "ar_internal_metadata" SET "value" = 'test', "updated_at" = '2024-12-25 18:38:39.539456' WHERE "ar_internal_metadata"."key" = 'environment' /*application='Movely'*/[0m
  [1m[36mActiveRecord::InternalMetadata Load (0.1ms)[0m  [1m[34mSELECT * FROM "ar_internal_metadata" WHERE "ar_internal_metadata"."key" = 'schema_sha1' ORDER BY "ar_internal_metadata"."key" ASC LIMIT 1 /*application='Movely'*/[0m
  [1m[36mActiveRecord::InternalMetadata Create (2.4ms)[0m  [1m[32mINSERT INTO "ar_internal_metadata" ("key", "value", "created_at", "updated_at") VALUES ('schema_sha1', 'e38bff873fdecdce678d5cfafcf0b397e6314a7d', '2024-12-25 18:38:39.543060', '2024-12-25 18:38:39.543061') RETURNING "key" /*application='Movely'*/[0m
  [1m[36mActiveRecord::SchemaMigration Load (0.3ms)[0m  [1m[34mSELECT "schema_migrations"."version" FROM "schema_migrations" ORDER BY "schema_migrations"."version" ASC /*application='Movely'*/[0m
[dotenv] Set [36mMOVELY_DATABASE_USERNAME[0m and [36mMOVELY_DATABASE_PASSWORD[0m
[dotenv] Loaded [33m.env.local[0m
  [1m[35mSQL (0.2ms)[0m  [1m[35mSET search_path TO public /*application='Movely'*/[0m
  [1m[35m (685.1ms)[0m  [1m[35mDROP DATABASE IF EXISTS "movely_development" /*application='Movely'*/[0m
  [1m[35mSQL (0.1ms)[0m  [1m[35mSET search_path TO public /*application='Movely'*/[0m
  [1m[35m (50.6ms)[0m  [1m[35mDROP DATABASE IF EXISTS "movely_test" /*application='Movely'*/[0m
[dotenv] Set [36mMOVELY_DATABASE_USERNAME[0m and [36mMOVELY_DATABASE_PASSWORD[0m
[dotenv] Loaded [33m.env.local[0m
  [1m[35mSQL (0.2ms)[0m  [1m[35mSET search_path TO public /*application='Movely'*/[0m
  [1m[35m (41.9ms)[0m  [1m[35mCREATE DATABASE "movely_development" ENCODING = 'unicode' /*application='Movely'*/[0m
  [1m[35mSQL (0.1ms)[0m  [1m[35mSET search_path TO public /*application='Movely'*/[0m
  [1m[35m (39.0ms)[0m  [1m[35mCREATE DATABASE "movely_test" ENCODING = 'unicode' /*application='Movely'*/[0m
[dotenv] Set [36mMOVELY_DATABASE_USERNAME[0m and [36mMOVELY_DATABASE_PASSWORD[0m
[dotenv] Loaded [33m.env.local[0m
  [1m[35mSQL (0.3ms)[0m  [1m[35mCREATE EXTENSION IF NOT EXISTS "plpgsql" SCHEMA pg_catalog /*application='Movely'*/[0m
  [1m[35m (0.1ms)[0m  [1m[35mDROP TABLE IF EXISTS "properties" CASCADE /*application='Movely'*/[0m
  [1m[35m (10.8ms)[0m  [1m[35mCREATE TABLE "properties" ("id" bigserial primary key, "user_id" bigint, "address" text NOT NULL, "price" decimal, "square_footage" integer, "bedrooms" integer, "bathrooms" integer, "hoa_info" jsonb, "overall_rating" integer, "created_at" timestamp(6) NOT NULL, "updated_at" timestamp(6) NOT NULL) /*application='Movely'*/[0m
  [1m[35m (5.3ms)[0m  [1m[35mCREATE INDEX "index_properties_on_user_id" ON "properties" ("user_id") /*application='Movely'*/[0m
  [1m[35m (0.1ms)[0m  [1m[35mDROP TABLE IF EXISTS "property_images" CASCADE /*application='Movely'*/[0m
  [1m[35m (6.5ms)[0m  [1m[35mCREATE TABLE "property_images" ("id" bigserial primary key, "created_at" timestamp(6) NOT NULL, "updated_at" timestamp(6) NOT NULL) /*application='Movely'*/[0m
  [1m[35m (0.1ms)[0m  [1m[35mDROP TABLE IF EXISTS "property_ratings" CASCADE /*application='Movely'*/[0m
  [1m[35m (5.6ms)[0m  [1m[35mCREATE TABLE "property_ratings" ("id" bigserial primary key, "created_at" timestamp(6) NOT NULL, "updated_at" timestamp(6) NOT NULL) /*application='Movely'*/[0m
  [1m[35m (0.1ms)[0m  [1m[35mDROP TABLE IF EXISTS "users" CASCADE /*application='Movely'*/[0m
  [1m[35m (5.5ms)[0m  [1m[35mCREATE TABLE "users" ("id" bigserial primary key, "created_at" timestamp(6) NOT NULL, "updated_at" timestamp(6) NOT NULL) /*application='Movely'*/[0m
  [1m[35m (4.4ms)[0m  [1m[35mALTER TABLE "properties" ADD CONSTRAINT "fk_rails_e41321a67c"
FOREIGN KEY ("user_id")
  REFERENCES "users" ("id")
 /*application='Movely'*/[0m
  [1m[35m (15.0ms)[0m  [1m[35mCREATE TABLE "schema_migrations" ("version" character varying NOT NULL PRIMARY KEY) /*application='Movely'*/[0m
  [1m[36mActiveRecord::SchemaMigration Load (0.3ms)[0m  [1m[34mSELECT "schema_migrations"."version" FROM "schema_migrations" ORDER BY "schema_migrations"."version" ASC /*application='Movely'*/[0m
  [1m[35m (3.1ms)[0m  [1m[32mINSERT INTO "schema_migrations" (version) VALUES (20241225182536) /*application='Movely'*/[0m
  [1m[35m (3.5ms)[0m  [1m[32mINSERT INTO "schema_migrations" (version) VALUES
(20241225182520),
(20241225182248); /*application='Movely'*/[0m
  [1m[35m (8.5ms)[0m  [1m[35mCREATE TABLE "ar_internal_metadata" ("key" character varying NOT NULL PRIMARY KEY, "value" character varying, "created_at" timestamp(6) NOT NULL, "updated_at" timestamp(6) NOT NULL) /*application='Movely'*/[0m
  [1m[36mActiveRecord::InternalMetadata Load (0.3ms)[0m  [1m[34mSELECT * FROM "ar_internal_metadata" WHERE "ar_internal_metadata"."key" = 'environment' ORDER BY "ar_internal_metadata"."key" ASC LIMIT 1 /*application='Movely'*/[0m
  [1m[36mActiveRecord::InternalMetadata Create (2.2ms)[0m  [1m[32mINSERT INTO "ar_internal_metadata" ("key", "value", "created_at", "updated_at") VALUES ('environment', 'development', '2024-12-25 18:39:06.638492', '2024-12-25 18:39:06.638495') RETURNING "key" /*application='Movely'*/[0m
  [1m[36mActiveRecord::InternalMetadata Load (0.3ms)[0m  [1m[34mSELECT * FROM "ar_internal_metadata" WHERE "ar_internal_metadata"."key" = 'environment' ORDER BY "ar_internal_metadata"."key" ASC LIMIT 1 /*application='Movely'*/[0m
  [1m[36mActiveRecord::InternalMetadata Load (0.1ms)[0m  [1m[34mSELECT * FROM "ar_internal_metadata" WHERE "ar_internal_metadata"."key" = 'schema_sha1' ORDER BY "ar_internal_metadata"."key" ASC LIMIT 1 /*application='Movely'*/[0m
  [1m[36mActiveRecord::InternalMetadata Create (2.2ms)[0m  [1m[32mINSERT INTO "ar_internal_metadata" ("key", "value", "created_at", "updated_at") VALUES ('schema_sha1', 'e38bff873fdecdce678d5cfafcf0b397e6314a7d', '2024-12-25 18:39:06.645059', '2024-12-25 18:39:06.645061') RETURNING "key" /*application='Movely'*/[0m
  [1m[35m (0.1ms)[0m  [1m[34mSELECT pg_try_advisory_lock(2399443627008332415) /*application='Movely'*/[0m
  [1m[36mActiveRecord::SchemaMigration Load (0.1ms)[0m  [1m[34mSELECT "schema_migrations"."version" FROM "schema_migrations" ORDER BY "schema_migrations"."version" ASC /*application='Movely'*/[0m
  [1m[36mActiveRecord::InternalMetadata Load (0.1ms)[0m  [1m[34mSELECT * FROM "ar_internal_metadata" WHERE "ar_internal_metadata"."key" = 'environment' ORDER BY "ar_internal_metadata"."key" ASC LIMIT 1 /*application='Movely'*/[0m
Migrating to CreatePropertyRatings (20241225183446)
  [1m[36mTRANSACTION (0.1ms)[0m  [1m[35mBEGIN /*application='Movely'*/[0m
  [1m[35m (3.2ms)[0m  [1m[35mCREATE TABLE "property_ratings" ("id" bigserial primary key, "property_id" bigint, "category" character varying, "score" integer, "notes" text, "created_at" timestamp(6) NOT NULL, "updated_at" timestamp(6) NOT NULL, CONSTRAINT "fk_rails_ed2893c204"
FOREIGN KEY ("property_id")
  REFERENCES "properties" ("id")
) /*application='Movely'*/[0m
  [1m[36mTRANSACTION (0.1ms)[0m  [1m[31mROLLBACK /*application='Movely'*/[0m
  [1m[35m (0.1ms)[0m  [1m[34mSELECT pg_advisory_unlock(2399443627008332415) /*application='Movely'*/[0m
[dotenv] Set [36mMOVELY_DATABASE_USERNAME[0m and [36mMOVELY_DATABASE_PASSWORD[0m
[dotenv] Loaded [33m.env.local[0m
  [1m[36mActiveRecord::SchemaMigration Load (0.3ms)[0m  [1m[34mSELECT "schema_migrations"."version" FROM "schema_migrations" ORDER BY "schema_migrations"."version" ASC /*application='Movely'*/[0m
  [1m[36mActiveRecord::InternalMetadata Load (0.3ms)[0m  [1m[34mSELECT * FROM "ar_internal_metadata" WHERE "ar_internal_metadata"."key" = 'environment' ORDER BY "ar_internal_metadata"."key" ASC LIMIT 1 /*application='Movely'*/[0m
  [1m[36mActiveRecord::SchemaMigration Load (0.2ms)[0m  [1m[34mSELECT "schema_migrations"."version" FROM "schema_migrations" ORDER BY "schema_migrations"."version" ASC /*application='Movely'*/[0m
  [1m[36mActiveRecord::InternalMetadata Load (0.2ms)[0m  [1m[34mSELECT * FROM "ar_internal_metadata" WHERE "ar_internal_metadata"."key" = 'environment' ORDER BY "ar_internal_metadata"."key" ASC LIMIT 1 /*application='Movely'*/[0m
  [1m[36mActiveRecord::SchemaMigration Load (0.1ms)[0m  [1m[34mSELECT "schema_migrations"."version" FROM "schema_migrations" ORDER BY "schema_migrations"."version" ASC /*application='Movely'*/[0m
  [1m[36mActiveRecord::InternalMetadata Load (0.2ms)[0m  [1m[34mSELECT * FROM "ar_internal_metadata" WHERE "ar_internal_metadata"."key" = 'environment' ORDER BY "ar_internal_metadata"."key" ASC LIMIT 1 /*application='Movely'*/[0m
  [1m[35mSQL (0.1ms)[0m  [1m[35mSET search_path TO public /*application='Movely'*/[0m
  [1m[35m (630.8ms)[0m  [1m[35mDROP DATABASE IF EXISTS "movely_development" /*application='Movely'*/[0m
  [1m[35mSQL (0.9ms)[0m  [1m[35mSET search_path TO public /*application='Movely'*/[0m
  [1m[35m (57.3ms)[0m  [1m[35mDROP DATABASE IF EXISTS "movely_test" /*application='Movely'*/[0m
[dotenv] Set [36mMOVELY_DATABASE_USERNAME[0m and [36mMOVELY_DATABASE_PASSWORD[0m
[dotenv] Loaded [33m.env.local[0m
[dotenv] Set [36mMOVELY_DATABASE_USERNAME[0m and [36mMOVELY_DATABASE_PASSWORD[0m
[dotenv] Loaded [33m.env.local[0m
[dotenv] Set [36mMOVELY_DATABASE_USERNAME[0m and [36mMOVELY_DATABASE_PASSWORD[0m
[dotenv] Loaded [33m.env.local[0m
[dotenv] Set [36mMOVELY_DATABASE_USERNAME[0m and [36mMOVELY_DATABASE_PASSWORD[0m
[dotenv] Loaded [33m.env.local[0m
[dotenv] Set [36mMOVELY_DATABASE_USERNAME[0m and [36mMOVELY_DATABASE_PASSWORD[0m
[dotenv] Loaded [33m.env.local[0m
  [1m[35mSQL (0.2ms)[0m  [1m[35mSET search_path TO public /*application='Movely'*/[0m
  [1m[35m (45.0ms)[0m  [1m[35mCREATE DATABASE "movely_development" ENCODING = 'unicode' /*application='Movely'*/[0m
  [1m[35mSQL (0.1ms)[0m  [1m[35mSET search_path TO public /*application='Movely'*/[0m
  [1m[35m (41.5ms)[0m  [1m[35mCREATE DATABASE "movely_test" ENCODING = 'unicode' /*application='Movely'*/[0m
[dotenv] Set [36mMOVELY_DATABASE_USERNAME[0m and [36mMOVELY_DATABASE_PASSWORD[0m
[dotenv] Loaded [33m.env.local[0m
  [1m[35m (8.7ms)[0m  [1m[35mCREATE TABLE "schema_migrations" ("version" character varying NOT NULL PRIMARY KEY) /*application='Movely'*/[0m
  [1m[35m (9.5ms)[0m  [1m[35mCREATE TABLE "ar_internal_metadata" ("key" character varying NOT NULL PRIMARY KEY, "value" character varying, "created_at" timestamp(6) NOT NULL, "updated_at" timestamp(6) NOT NULL) /*application='Movely'*/[0m
  [1m[35m (0.1ms)[0m  [1m[34mSELECT pg_try_advisory_lock(2399443627008332415) /*application='Movely'*/[0m
  [1m[36mActiveRecord::SchemaMigration Load (0.2ms)[0m  [1m[34mSELECT "schema_migrations"."version" FROM "schema_migrations" ORDER BY "schema_migrations"."version" ASC /*application='Movely'*/[0m
  [1m[36mActiveRecord::InternalMetadata Load (0.3ms)[0m  [1m[34mSELECT * FROM "ar_internal_metadata" WHERE "ar_internal_metadata"."key" = 'environment' ORDER BY "ar_internal_metadata"."key" ASC LIMIT 1 /*application='Movely'*/[0m
  [1m[36mActiveRecord::InternalMetadata Create (2.4ms)[0m  [1m[32mINSERT INTO "ar_internal_metadata" ("key", "value", "created_at", "updated_at") VALUES ('environment', 'development', '2024-12-25 18:43:37.574935', '2024-12-25 18:43:37.574937') RETURNING "key" /*application='Movely'*/[0m
Migrating to CreateUsers (20241225184125)
  [1m[36mTRANSACTION (0.1ms)[0m  [1m[35mBEGIN /*application='Movely'*/[0m
  [1m[35m (7.9ms)[0m  [1m[35mCREATE TABLE "users" ("id" bigserial primary key, "email" character varying NOT NULL, "encrypted_password" character varying NOT NULL, "created_at" timestamp(6) NOT NULL, "updated_at" timestamp(6) NOT NULL) /*application='Movely'*/[0m
  [1m[35m (3.2ms)[0m  [1m[35mCREATE UNIQUE INDEX "index_users_on_email" ON "users" ("email") /*application='Movely'*/[0m
  [1m[36mActiveRecord::SchemaMigration Create (0.2ms)[0m  [1m[32mINSERT INTO "schema_migrations" ("version") VALUES ('20241225184125') RETURNING "version" /*application='Movely'*/[0m
  [1m[36mTRANSACTION (2.1ms)[0m  [1m[35mCOMMIT /*application='Movely'*/[0m
Migrating to CreateProperties (20241225184153)
  [1m[36mTRANSACTION (0.1ms)[0m  [1m[35mBEGIN /*application='Movely'*/[0m
  [1m[35m (10.2ms)[0m  [1m[35mCREATE TABLE "properties" ("id" bigserial primary key, "user_id" bigint, "address" text NOT NULL, "price" decimal, "square_footage" integer, "bedrooms" integer, "bathrooms" integer, "hoa_info" jsonb, "overall_rating" integer, "created_at" timestamp(6) NOT NULL, "updated_at" timestamp(6) NOT NULL, CONSTRAINT "fk_rails_e41321a67c"
FOREIGN KEY ("user_id")
  REFERENCES "users" ("id")
) /*application='Movely'*/[0m
  [1m[35m (3.3ms)[0m  [1m[35mCREATE INDEX "index_properties_on_user_id" ON "properties" ("user_id") /*application='Movely'*/[0m
  [1m[36mActiveRecord::SchemaMigration Create (0.2ms)[0m  [1m[32mINSERT INTO "schema_migrations" ("version") VALUES ('20241225184153') RETURNING "version" /*application='Movely'*/[0m
  [1m[36mTRANSACTION (2.1ms)[0m  [1m[35mCOMMIT /*application='Movely'*/[0m
Migrating to CreatePropertyRatings (20241225184245)
  [1m[36mTRANSACTION (0.7ms)[0m  [1m[35mBEGIN /*application='Movely'*/[0m
  [1m[35m (10.5ms)[0m  [1m[35mCREATE TABLE "property_ratings" ("id" bigserial primary key, "property_id" bigint, "category" character varying, "score" integer, "notes" text, "created_at" timestamp(6) NOT NULL, "updated_at" timestamp(6) NOT NULL, CONSTRAINT "fk_rails_ed2893c204"
FOREIGN KEY ("property_id")
  REFERENCES "properties" ("id")
) /*application='Movely'*/[0m
  [1m[35m (3.0ms)[0m  [1m[35mCREATE INDEX "index_property_ratings_on_property_id" ON "property_ratings" ("property_id") /*application='Movely'*/[0m
  [1m[36mActiveRecord::SchemaMigration Create (0.1ms)[0m  [1m[32mINSERT INTO "schema_migrations" ("version") VALUES ('20241225184245') RETURNING "version" /*application='Movely'*/[0m
  [1m[36mTRANSACTION (3.1ms)[0m  [1m[35mCOMMIT /*application='Movely'*/[0m
Migrating to CreatePropertyImages (20241225184308)
  [1m[36mTRANSACTION (0.1ms)[0m  [1m[35mBEGIN /*application='Movely'*/[0m
  [1m[35m (8.3ms)[0m  [1m[35mCREATE TABLE "property_images" ("id" bigserial primary key, "property_id" bigint, "image_url" text, "image_type" character varying, "created_at" timestamp(6) NOT NULL, "updated_at" timestamp(6) NOT NULL, CONSTRAINT "fk_rails_518859e3a6"
FOREIGN KEY ("property_id")
  REFERENCES "properties" ("id")
) /*application='Movely'*/[0m
  [1m[35m (3.2ms)[0m  [1m[35mCREATE INDEX "index_property_images_on_property_id" ON "property_images" ("property_id") /*application='Movely'*/[0m
  [1m[36mActiveRecord::SchemaMigration Create (0.1ms)[0m  [1m[32mINSERT INTO "schema_migrations" ("version") VALUES ('20241225184308') RETURNING "version" /*application='Movely'*/[0m
  [1m[36mTRANSACTION (2.1ms)[0m  [1m[35mCOMMIT /*application='Movely'*/[0m
  [1m[35m (0.2ms)[0m  [1m[34mSELECT pg_advisory_unlock(2399443627008332415) /*application='Movely'*/[0m
  [1m[36mActiveRecord::SchemaMigration Load (0.1ms)[0m  [1m[34mSELECT "schema_migrations"."version" FROM "schema_migrations" ORDER BY "schema_migrations"."version" ASC /*application='Movely'*/[0m
  [1m[35m (0.1ms)[0m  [1m[34mSELECT pg_try_advisory_lock(2399443627008332415) /*application='Movely'*/[0m
  [1m[36mActiveRecord::SchemaMigration Load (0.4ms)[0m  [1m[34mSELECT "schema_migrations"."version" FROM "schema_migrations" ORDER BY "schema_migrations"."version" ASC /*application='Movely'*/[0m
  [1m[36mActiveRecord::InternalMetadata Load (0.3ms)[0m  [1m[34mSELECT * FROM "ar_internal_metadata" WHERE "ar_internal_metadata"."key" = 'environment' ORDER BY "ar_internal_metadata"."key" ASC LIMIT 1 /*application='Movely'*/[0m
Migrating to RenameEncryptedPasswordToPasswordDigest (20241225215455)
  [1m[36mTRANSACTION (0.1ms)[0m  [1m[35mBEGIN /*application='Movely'*/[0m
  [1m[35m (1.3ms)[0m  [1m[35mALTER TABLE "users" RENAME COLUMN "encrypted_password" TO "password_digest" /*application='Movely'*/[0m
  [1m[36mActiveRecord::SchemaMigration Create (0.1ms)[0m  [1m[32mINSERT INTO "schema_migrations" ("version") VALUES ('20241225215455') RETURNING "version" /*application='Movely'*/[0m
  [1m[36mTRANSACTION (3.1ms)[0m  [1m[35mCOMMIT /*application='Movely'*/[0m
  [1m[35m (0.2ms)[0m  [1m[34mSELECT pg_advisory_unlock(2399443627008332415) /*application='Movely'*/[0m
  [1m[36mActiveRecord::SchemaMigration Load (0.1ms)[0m  [1m[34mSELECT "schema_migrations"."version" FROM "schema_migrations" ORDER BY "schema_migrations"."version" ASC /*application='Movely'*/[0m
Started POST "/api/v1/users" for ::1 at 2024-12-25 18:48:26 -0800
  [1m[36mActiveRecord::SchemaMigration Load (0.6ms)[0m  [1m[34mSELECT "schema_migrations"."version" FROM "schema_migrations" ORDER BY "schema_migrations"."version" ASC /*application='Movely'*/[0m
Processing by Api::V1::UsersController#create as HTML
  Parameters: {"user"=>{"email"=>"[FILTERED]", "password"=>"[FILTERED]"}}
  [1m[36mTRANSACTION (0.1ms)[0m  [1m[35mBEGIN /*action='create',application='Movely',controller='users'*/[0m
  ↳ app/controllers/api/v1/users_controller.rb:5:in `create'
  [1m[36mUser Exists? (3.7ms)[0m  [1m[34mSELECT 1 AS one FROM "users" WHERE "users"."email" = 'riorio@mailbox.org' LIMIT 1 /*action='create',application='Movely',controller='users'*/[0m
  ↳ app/controllers/api/v1/users_controller.rb:5:in `create'
  [1m[36mUser Create (0.5ms)[0m  [1m[32mINSERT INTO "users" ("email", "password_digest", "created_at", "updated_at") VALUES ('riorio@mailbox.org', '$2a$12$wCV/VZ2YMVq99igQPy3Y6.jE/1sHHjhFi4ov5LLHhQsGnUggLYXbW', '2024-12-26 02:48:27.365924', '2024-12-26 02:48:27.365924') RETURNING "id" /*action='create',application='Movely',controller='users'*/[0m
  ↳ app/controllers/api/v1/users_controller.rb:5:in `create'
  [1m[36mTRANSACTION (2.1ms)[0m  [1m[35mCOMMIT /*action='create',application='Movely',controller='users'*/[0m
  ↳ app/controllers/api/v1/users_controller.rb:5:in `create'
Completed 201 Created in 245ms (Views: 0.8ms | ActiveRecord: 15.1ms (2 queries, 0 cached) | GC: 18.0ms)


Started POST "/api/v1/auth/login" for ::1 at 2024-12-28 22:58:43 -0800
  [1m[36mActiveRecord::SchemaMigration Load (1.2ms)[0m  [1m[34mSELECT "schema_migrations"."version" FROM "schema_migrations" ORDER BY "schema_migrations"."version" ASC /*application='Movely'*/[0m
  
ActionController::RoutingError (uninitialized constant Api::V1::AuthController)
Caused by: ActionDispatch::MissingController (uninitialized constant Api::V1::AuthController)
Caused by: NameError (uninitialized constant Api::V1::AuthController)

Information for: ActionController::RoutingError (uninitialized constant Api::V1::AuthController):
  

Information for cause: ActionDispatch::MissingController (uninitialized constant Api::V1::AuthController):
  
actionpack (8.0.1) lib/action_dispatch/http/request.rb:102:in `rescue in controller_class_for'
actionpack (8.0.1) lib/action_dispatch/http/request.rb:98:in `controller_class_for'
actionpack (8.0.1) lib/action_dispatch/http/request.rb:91:in `controller_class'
actionpack (8.0.1) lib/action_dispatch/routing/route_set.rb:61:in `controller'
actionpack (8.0.1) lib/action_dispatch/routing/route_set.rb:48:in `serve'
actionpack (8.0.1) lib/action_dispatch/journey/router.rb:53:in `block in serve'
actionpack (8.0.1) lib/action_dispatch/journey/router.rb:133:in `block in find_routes'
actionpack (8.0.1) lib/action_dispatch/journey/router.rb:126:in `each'
actionpack (8.0.1) lib/action_dispatch/journey/router.rb:126:in `find_routes'
actionpack (8.0.1) lib/action_dispatch/journey/router.rb:34:in `serve'
actionpack (8.0.1) lib/action_dispatch/routing/route_set.rb:908:in `call'
railties (8.0.1) lib/rails/engine/lazy_route_set.rb:68:in `call'
rack (3.1.8) lib/rack/etag.rb:29:in `call'
rack (3.1.8) lib/rack/conditional_get.rb:43:in `call'
rack (3.1.8) lib/rack/head.rb:15:in `call'
activerecord (8.0.1) lib/active_record/migration.rb:671:in `call'
actionpack (8.0.1) lib/action_dispatch/middleware/callbacks.rb:31:in `block in call'
activesupport (8.0.1) lib/active_support/callbacks.rb:100:in `run_callbacks'
actionpack (8.0.1) lib/action_dispatch/middleware/callbacks.rb:30:in `call'
actionpack (8.0.1) lib/action_dispatch/middleware/executor.rb:16:in `call'
actionpack (8.0.1) lib/action_dispatch/middleware/actionable_exceptions.rb:18:in `call'
actionpack (8.0.1) lib/action_dispatch/middleware/debug_exceptions.rb:31:in `call'
actionpack (8.0.1) lib/action_dispatch/middleware/show_exceptions.rb:32:in `call'
railties (8.0.1) lib/rails/rack/logger.rb:41:in `call_app'
railties (8.0.1) lib/rails/rack/logger.rb:29:in `call'
actionpack (8.0.1) lib/action_dispatch/middleware/remote_ip.rb:96:in `call'
actionpack (8.0.1) lib/action_dispatch/middleware/request_id.rb:34:in `call'
rack (3.1.8) lib/rack/runtime.rb:24:in `call'
actionpack (8.0.1) lib/action_dispatch/middleware/server_timing.rb:61:in `block in call'
actionpack (8.0.1) lib/action_dispatch/middleware/server_timing.rb:26:in `collect_events'
actionpack (8.0.1) lib/action_dispatch/middleware/server_timing.rb:60:in `call'
actionpack (8.0.1) lib/action_dispatch/middleware/executor.rb:16:in `call'
actionpack (8.0.1) lib/action_dispatch/middleware/static.rb:27:in `call'
rack (3.1.8) lib/rack/sendfile.rb:114:in `call'
actionpack (8.0.1) lib/action_dispatch/middleware/host_authorization.rb:143:in `call'
rack-cors (2.0.2) lib/rack/cors.rb:102:in `call'
railties (8.0.1) lib/rails/engine.rb:535:in `call'
puma (6.5.0) lib/puma/configuration.rb:279:in `call'
puma (6.5.0) lib/puma/request.rb:99:in `block in handle_request'
puma (6.5.0) lib/puma/thread_pool.rb:389:in `with_force_shutdown'
puma (6.5.0) lib/puma/request.rb:98:in `handle_request'
puma (6.5.0) lib/puma/server.rb:468:in `process_client'
puma (6.5.0) lib/puma/server.rb:249:in `block in run'
puma (6.5.0) lib/puma/thread_pool.rb:166:in `block in spawn_thread'

Information for cause: NameError (uninitialized constant Api::V1::AuthController):
  
activesupport (8.0.1) lib/active_support/inflector/methods.rb:290:in `constantize'
activesupport (8.0.1) lib/active_support/core_ext/string/inflections.rb:74:in `constantize'
actionpack (8.0.1) lib/action_dispatch/http/request.rb:99:in `controller_class_for'
actionpack (8.0.1) lib/action_dispatch/http/request.rb:91:in `controller_class'
actionpack (8.0.1) lib/action_dispatch/routing/route_set.rb:61:in `controller'
actionpack (8.0.1) lib/action_dispatch/routing/route_set.rb:48:in `serve'
actionpack (8.0.1) lib/action_dispatch/journey/router.rb:53:in `block in serve'
actionpack (8.0.1) lib/action_dispatch/journey/router.rb:133:in `block in find_routes'
actionpack (8.0.1) lib/action_dispatch/journey/router.rb:126:in `each'
actionpack (8.0.1) lib/action_dispatch/journey/router.rb:126:in `find_routes'
actionpack (8.0.1) lib/action_dispatch/journey/router.rb:34:in `serve'
actionpack (8.0.1) lib/action_dispatch/routing/route_set.rb:908:in `call'
railties (8.0.1) lib/rails/engine/lazy_route_set.rb:68:in `call'
rack (3.1.8) lib/rack/etag.rb:29:in `call'
rack (3.1.8) lib/rack/conditional_get.rb:43:in `call'
rack (3.1.8) lib/rack/head.rb:15:in `call'
activerecord (8.0.1) lib/active_record/migration.rb:671:in `call'
actionpack (8.0.1) lib/action_dispatch/middleware/callbacks.rb:31:in `block in call'
activesupport (8.0.1) lib/active_support/callbacks.rb:100:in `run_callbacks'
actionpack (8.0.1) lib/action_dispatch/middleware/callbacks.rb:30:in `call'
actionpack (8.0.1) lib/action_dispatch/middleware/executor.rb:16:in `call'
actionpack (8.0.1) lib/action_dispatch/middleware/actionable_exceptions.rb:18:in `call'
actionpack (8.0.1) lib/action_dispatch/middleware/debug_exceptions.rb:31:in `call'
actionpack (8.0.1) lib/action_dispatch/middleware/show_exceptions.rb:32:in `call'
railties (8.0.1) lib/rails/rack/logger.rb:41:in `call_app'
railties (8.0.1) lib/rails/rack/logger.rb:29:in `call'
actionpack (8.0.1) lib/action_dispatch/middleware/remote_ip.rb:96:in `call'
actionpack (8.0.1) lib/action_dispatch/middleware/request_id.rb:34:in `call'
rack (3.1.8) lib/rack/runtime.rb:24:in `call'
actionpack (8.0.1) lib/action_dispatch/middleware/server_timing.rb:61:in `block in call'
actionpack (8.0.1) lib/action_dispatch/middleware/server_timing.rb:26:in `collect_events'
actionpack (8.0.1) lib/action_dispatch/middleware/server_timing.rb:60:in `call'
actionpack (8.0.1) lib/action_dispatch/middleware/executor.rb:16:in `call'
actionpack (8.0.1) lib/action_dispatch/middleware/static.rb:27:in `call'
rack (3.1.8) lib/rack/sendfile.rb:114:in `call'
actionpack (8.0.1) lib/action_dispatch/middleware/host_authorization.rb:143:in `call'
rack-cors (2.0.2) lib/rack/cors.rb:102:in `call'
railties (8.0.1) lib/rails/engine.rb:535:in `call'
puma (6.5.0) lib/puma/configuration.rb:279:in `call'
puma (6.5.0) lib/puma/request.rb:99:in `block in handle_request'
puma (6.5.0) lib/puma/thread_pool.rb:389:in `with_force_shutdown'
puma (6.5.0) lib/puma/request.rb:98:in `handle_request'
puma (6.5.0) lib/puma/server.rb:468:in `process_client'
puma (6.5.0) lib/puma/server.rb:249:in `block in run'
puma (6.5.0) lib/puma/thread_pool.rb:166:in `block in spawn_thread'
  [1m[35m (0.3ms)[0m  [1m[34mSELECT pg_try_advisory_lock(2399443627008332415) /*application='Movely'*/[0m
  [1m[36mActiveRecord::SchemaMigration Load (0.4ms)[0m  [1m[34mSELECT "schema_migrations"."version" FROM "schema_migrations" ORDER BY "schema_migrations"."version" ASC /*application='Movely'*/[0m
  [1m[36mActiveRecord::InternalMetadata Load (2.0ms)[0m  [1m[34mSELECT * FROM "ar_internal_metadata" WHERE "ar_internal_metadata"."key" = 'environment' ORDER BY "ar_internal_metadata"."key" ASC LIMIT 1 /*application='Movely'*/[0m
  [1m[35m (0.1ms)[0m  [1m[34mSELECT pg_advisory_unlock(2399443627008332415) /*application='Movely'*/[0m
  [1m[36mActiveRecord::SchemaMigration Load (0.2ms)[0m  [1m[34mSELECT "schema_migrations"."version" FROM "schema_migrations" ORDER BY "schema_migrations"."version" ASC /*application='Movely'*/[0m
Started POST "/api/v1/users" for ::1 at 2024-12-28 23:06:26 -0800
  [1m[36mActiveRecord::SchemaMigration Load (0.5ms)[0m  [1m[34mSELECT "schema_migrations"."version" FROM "schema_migrations" ORDER BY "schema_migrations"."version" ASC /*application='Movely'*/[0m
Processing by Api::V1::UsersController#create as HTML
  Parameters: {"user"=>{"email"=>"[FILTERED]", "password"=>"[FILTERED]"}}
  [1m[36mTRANSACTION (0.1ms)[0m  [1m[35mBEGIN /*action='create',application='Movely',controller='users'*/[0m
  ↳ app/controllers/api/v1/users_controller.rb:5:in `create'
  [1m[36mUser Exists? (4.3ms)[0m  [1m[34mSELECT 1 AS one FROM "users" WHERE "users"."email" = 'riorio@mailbox.org' LIMIT 1 /*action='create',application='Movely',controller='users'*/[0m
  ↳ app/controllers/api/v1/users_controller.rb:5:in `create'
  [1m[36mTRANSACTION (0.2ms)[0m  [1m[31mROLLBACK /*action='create',application='Movely',controller='users'*/[0m
  ↳ app/controllers/api/v1/users_controller.rb:5:in `create'
  [1m[36mUser Exists? (0.2ms)[0m  [1m[34mSELECT 1 AS one FROM "users" WHERE "users"."email" = 'riorio@mailbox.org' LIMIT 1 /*action='create',application='Movely',controller='users'*/[0m
  ↳ app/controllers/api/v1/users_controller.rb:6:in `create'
Completed 422 Unprocessable Content in 210ms (Views: 0.2ms | ActiveRecord: 9.8ms (2 queries, 0 cached) | GC: 6.6ms)


Started POST "/api/v1/users" for ::1 at 2024-12-28 23:11:02 -0800
Processing by Api::V1::UsersController#create as HTML
  Parameters: {"user"=>{"email"=>"[FILTERED]", "password"=>"[FILTERED]"}}
  [1m[36mUser Exists? (0.6ms)[0m  [1m[34mSELECT 1 AS one FROM "users" WHERE "users"."email" = 'riorio@mailbox.org' LIMIT 1 /*action='create',application='Movely',controller='users'*/[0m
  ↳ app/controllers/api/v1/users_controller.rb:7:in `create'
Completed 422 Unprocessable Content in 182ms (Views: 0.1ms | ActiveRecord: 2.0ms (1 query, 0 cached) | GC: 0.1ms)


Started POST "/api/v1/auth/login" for ::1 at 2024-12-28 23:11:15 -0800
  
ActionController::RoutingError (uninitialized constant Api::V1::AuthController)
Caused by: ActionDispatch::MissingController (uninitialized constant Api::V1::AuthController)
Caused by: NameError (uninitialized constant Api::V1::AuthController)

Information for: ActionController::RoutingError (uninitialized constant Api::V1::AuthController):
  

Information for cause: ActionDispatch::MissingController (uninitialized constant Api::V1::AuthController):
  
actionpack (8.0.1) lib/action_dispatch/http/request.rb:102:in `rescue in controller_class_for'
actionpack (8.0.1) lib/action_dispatch/http/request.rb:98:in `controller_class_for'
actionpack (8.0.1) lib/action_dispatch/http/request.rb:91:in `controller_class'
actionpack (8.0.1) lib/action_dispatch/routing/route_set.rb:61:in `controller'
actionpack (8.0.1) lib/action_dispatch/routing/route_set.rb:48:in `serve'
actionpack (8.0.1) lib/action_dispatch/journey/router.rb:53:in `block in serve'
actionpack (8.0.1) lib/action_dispatch/journey/router.rb:133:in `block in find_routes'
actionpack (8.0.1) lib/action_dispatch/journey/router.rb:126:in `each'
actionpack (8.0.1) lib/action_dispatch/journey/router.rb:126:in `find_routes'
actionpack (8.0.1) lib/action_dispatch/journey/router.rb:34:in `serve'
actionpack (8.0.1) lib/action_dispatch/routing/route_set.rb:908:in `call'
railties (8.0.1) lib/rails/engine/lazy_route_set.rb:68:in `call'
rack (3.1.8) lib/rack/etag.rb:29:in `call'
rack (3.1.8) lib/rack/conditional_get.rb:43:in `call'
rack (3.1.8) lib/rack/head.rb:15:in `call'
activerecord (8.0.1) lib/active_record/migration.rb:671:in `call'
actionpack (8.0.1) lib/action_dispatch/middleware/callbacks.rb:31:in `block in call'
activesupport (8.0.1) lib/active_support/callbacks.rb:100:in `run_callbacks'
actionpack (8.0.1) lib/action_dispatch/middleware/callbacks.rb:30:in `call'
actionpack (8.0.1) lib/action_dispatch/middleware/executor.rb:16:in `call'
actionpack (8.0.1) lib/action_dispatch/middleware/actionable_exceptions.rb:18:in `call'
actionpack (8.0.1) lib/action_dispatch/middleware/debug_exceptions.rb:31:in `call'
actionpack (8.0.1) lib/action_dispatch/middleware/show_exceptions.rb:32:in `call'
railties (8.0.1) lib/rails/rack/logger.rb:41:in `call_app'
railties (8.0.1) lib/rails/rack/logger.rb:29:in `call'
actionpack (8.0.1) lib/action_dispatch/middleware/remote_ip.rb:96:in `call'
actionpack (8.0.1) lib/action_dispatch/middleware/request_id.rb:34:in `call'
rack (3.1.8) lib/rack/runtime.rb:24:in `call'
actionpack (8.0.1) lib/action_dispatch/middleware/server_timing.rb:61:in `block in call'
actionpack (8.0.1) lib/action_dispatch/middleware/server_timing.rb:26:in `collect_events'
actionpack (8.0.1) lib/action_dispatch/middleware/server_timing.rb:60:in `call'
actionpack (8.0.1) lib/action_dispatch/middleware/executor.rb:16:in `call'
actionpack (8.0.1) lib/action_dispatch/middleware/static.rb:27:in `call'
rack (3.1.8) lib/rack/sendfile.rb:114:in `call'
actionpack (8.0.1) lib/action_dispatch/middleware/host_authorization.rb:143:in `call'
rack-cors (2.0.2) lib/rack/cors.rb:102:in `call'
railties (8.0.1) lib/rails/engine.rb:535:in `call'
puma (6.5.0) lib/puma/configuration.rb:279:in `call'
puma (6.5.0) lib/puma/request.rb:99:in `block in handle_request'
puma (6.5.0) lib/puma/thread_pool.rb:389:in `with_force_shutdown'
puma (6.5.0) lib/puma/request.rb:98:in `handle_request'
puma (6.5.0) lib/puma/server.rb:468:in `process_client'
puma (6.5.0) lib/puma/server.rb:249:in `block in run'
puma (6.5.0) lib/puma/thread_pool.rb:166:in `block in spawn_thread'

Information for cause: NameError (uninitialized constant Api::V1::AuthController):
  
activesupport (8.0.1) lib/active_support/inflector/methods.rb:290:in `constantize'
activesupport (8.0.1) lib/active_support/core_ext/string/inflections.rb:74:in `constantize'
actionpack (8.0.1) lib/action_dispatch/http/request.rb:99:in `controller_class_for'
actionpack (8.0.1) lib/action_dispatch/http/request.rb:91:in `controller_class'
actionpack (8.0.1) lib/action_dispatch/routing/route_set.rb:61:in `controller'
actionpack (8.0.1) lib/action_dispatch/routing/route_set.rb:48:in `serve'
actionpack (8.0.1) lib/action_dispatch/journey/router.rb:53:in `block in serve'
actionpack (8.0.1) lib/action_dispatch/journey/router.rb:133:in `block in find_routes'
actionpack (8.0.1) lib/action_dispatch/journey/router.rb:126:in `each'
actionpack (8.0.1) lib/action_dispatch/journey/router.rb:126:in `find_routes'
actionpack (8.0.1) lib/action_dispatch/journey/router.rb:34:in `serve'
actionpack (8.0.1) lib/action_dispatch/routing/route_set.rb:908:in `call'
railties (8.0.1) lib/rails/engine/lazy_route_set.rb:68:in `call'
rack (3.1.8) lib/rack/etag.rb:29:in `call'
rack (3.1.8) lib/rack/conditional_get.rb:43:in `call'
rack (3.1.8) lib/rack/head.rb:15:in `call'
activerecord (8.0.1) lib/active_record/migration.rb:671:in `call'
actionpack (8.0.1) lib/action_dispatch/middleware/callbacks.rb:31:in `block in call'
activesupport (8.0.1) lib/active_support/callbacks.rb:100:in `run_callbacks'
actionpack (8.0.1) lib/action_dispatch/middleware/callbacks.rb:30:in `call'
actionpack (8.0.1) lib/action_dispatch/middleware/executor.rb:16:in `call'
actionpack (8.0.1) lib/action_dispatch/middleware/actionable_exceptions.rb:18:in `call'
actionpack (8.0.1) lib/action_dispatch/middleware/debug_exceptions.rb:31:in `call'
actionpack (8.0.1) lib/action_dispatch/middleware/show_exceptions.rb:32:in `call'
railties (8.0.1) lib/rails/rack/logger.rb:41:in `call_app'
railties (8.0.1) lib/rails/rack/logger.rb:29:in `call'
actionpack (8.0.1) lib/action_dispatch/middleware/remote_ip.rb:96:in `call'
actionpack (8.0.1) lib/action_dispatch/middleware/request_id.rb:34:in `call'
rack (3.1.8) lib/rack/runtime.rb:24:in `call'
actionpack (8.0.1) lib/action_dispatch/middleware/server_timing.rb:61:in `block in call'
actionpack (8.0.1) lib/action_dispatch/middleware/server_timing.rb:26:in `collect_events'
actionpack (8.0.1) lib/action_dispatch/middleware/server_timing.rb:60:in `call'
actionpack (8.0.1) lib/action_dispatch/middleware/executor.rb:16:in `call'
actionpack (8.0.1) lib/action_dispatch/middleware/static.rb:27:in `call'
rack (3.1.8) lib/rack/sendfile.rb:114:in `call'
actionpack (8.0.1) lib/action_dispatch/middleware/host_authorization.rb:143:in `call'
rack-cors (2.0.2) lib/rack/cors.rb:102:in `call'
railties (8.0.1) lib/rails/engine.rb:535:in `call'
puma (6.5.0) lib/puma/configuration.rb:279:in `call'
puma (6.5.0) lib/puma/request.rb:99:in `block in handle_request'
puma (6.5.0) lib/puma/thread_pool.rb:389:in `with_force_shutdown'
puma (6.5.0) lib/puma/request.rb:98:in `handle_request'
puma (6.5.0) lib/puma/server.rb:468:in `process_client'
puma (6.5.0) lib/puma/server.rb:249:in `block in run'
puma (6.5.0) lib/puma/thread_pool.rb:166:in `block in spawn_thread'
Started POST "/api/v1/auth/login" for ::1 at 2024-12-28 23:19:55 -0800
  [1m[36mActiveRecord::SchemaMigration Load (0.6ms)[0m  [1m[34mSELECT "schema_migrations"."version" FROM "schema_migrations" ORDER BY "schema_migrations"."version" ASC /*application='Movely'*/[0m
Processing by Api::V1::AuthController#login as HTML
  Parameters: {"email"=>"[FILTERED]", "password"=>"[FILTERED]", "auth"=>{"email"=>"[FILTERED]", "password"=>"[FILTERED]"}}
  [1m[36mUser Load (0.5ms)[0m  [1m[34mSELECT "users".* FROM "users" WHERE "users"."email" = 'riorio@mailbox.org' LIMIT 1 /*action='login',application='Movely',controller='auth'*/[0m
  ↳ app/controllers/api/v1/auth_controller.rb:5:in `login'
Completed 200 OK in 201ms (Views: 0.4ms | ActiveRecord: 5.5ms (1 query, 0 cached) | GC: 0.4ms)


